[2021-12-30T01:21:26,349][INFO ][o.e.b.Bootstrap          ] running graceful exit on windows
[2021-12-30T01:21:26,487][INFO ][o.e.n.Node               ] [m45SoXP] stopping ...
[2021-12-30T01:21:26,752][INFO ][o.e.n.Node               ] [m45SoXP] stopped
[2021-12-30T01:21:26,752][INFO ][o.e.n.Node               ] [m45SoXP] closing ...
[2021-12-30T01:21:26,794][INFO ][o.e.n.Node               ] [m45SoXP] closed
[2021-12-30T01:34:46,615][INFO ][o.e.n.Node               ] [] initializing ...
[2021-12-30T01:34:46,868][INFO ][o.e.e.NodeEnvironment    ] [m45SoXP] using [1] data paths, mounts [[Data (D:)]], net usable_space [632.1gb], net total_space [931.4gb], spins? [unknown], types [NTFS]
[2021-12-30T01:34:46,869][INFO ][o.e.e.NodeEnvironment    ] [m45SoXP] heap size [1.9gb], compressed ordinary object pointers [true]
[2021-12-30T01:34:46,990][INFO ][o.e.n.Node               ] node name [m45SoXP] derived from node ID [m45SoXPQRoeOf2XUI9m7nQ]; set [node.name] to override
[2021-12-30T01:34:47,069][INFO ][o.e.n.Node               ] version[5.2.0], pid[8508], build[24e05b9/2017-01-24T19:52:35.800Z], OS[Windows 10/10.0/amd64], JVM[Oracle Corporation/Java HotSpot(TM) 64-Bit Server VM/1.8.0_301/25.301-b09]
[2021-12-30T01:34:50,476][INFO ][o.e.p.PluginsService     ] [m45SoXP] loaded module [aggs-matrix-stats]
[2021-12-30T01:34:50,476][INFO ][o.e.p.PluginsService     ] [m45SoXP] loaded module [ingest-common]
[2021-12-30T01:34:50,476][INFO ][o.e.p.PluginsService     ] [m45SoXP] loaded module [lang-expression]
[2021-12-30T01:34:50,477][INFO ][o.e.p.PluginsService     ] [m45SoXP] loaded module [lang-groovy]
[2021-12-30T01:34:50,477][INFO ][o.e.p.PluginsService     ] [m45SoXP] loaded module [lang-mustache]
[2021-12-30T01:34:50,477][INFO ][o.e.p.PluginsService     ] [m45SoXP] loaded module [lang-painless]
[2021-12-30T01:34:50,477][INFO ][o.e.p.PluginsService     ] [m45SoXP] loaded module [percolator]
[2021-12-30T01:34:50,477][INFO ][o.e.p.PluginsService     ] [m45SoXP] loaded module [reindex]
[2021-12-30T01:34:50,477][INFO ][o.e.p.PluginsService     ] [m45SoXP] loaded module [transport-netty3]
[2021-12-30T01:34:50,478][INFO ][o.e.p.PluginsService     ] [m45SoXP] loaded module [transport-netty4]
[2021-12-30T01:34:50,478][INFO ][o.e.p.PluginsService     ] [m45SoXP] loaded plugin [analysis-ik]
[2021-12-30T01:35:00,894][INFO ][o.e.n.Node               ] initialized
[2021-12-30T01:35:00,894][INFO ][o.e.n.Node               ] [m45SoXP] starting ...
[2021-12-30T01:35:04,158][INFO ][o.e.t.TransportService   ] [m45SoXP] publish_address {127.0.0.1:9300}, bound_addresses {127.0.0.1:9300}, {[::1]:9300}
[2021-12-30T01:35:07,396][INFO ][o.e.c.s.ClusterService   ] [m45SoXP] new_master {m45SoXP}{m45SoXPQRoeOf2XUI9m7nQ}{ohDnM_pZRVy1PNYYNLNOWg}{127.0.0.1}{127.0.0.1:9300}, reason: zen-disco-elected-as-master ([0] nodes joined)
[2021-12-30T01:35:07,528][INFO ][o.w.a.d.Monitor          ] try load config from D:\sm-bighw\-\deepsearch\elasticsearch-5.2.0\config\analysis-ik\IKAnalyzer.cfg.xml
[2021-12-30T01:35:07,531][INFO ][o.w.a.d.Monitor          ] try load config from D:\sm-bighw\-\deepsearch\elasticsearch-5.2.0\plugins\ik\config\IKAnalyzer.cfg.xml
[2021-12-30T01:35:07,929][INFO ][o.w.a.d.Monitor          ] [Dict Loading] custom\mydict.dic
[2021-12-30T01:35:07,931][INFO ][o.w.a.d.Monitor          ] [Dict Loading] custom\single_word_low_freq.dic
[2021-12-30T01:35:07,966][INFO ][o.w.a.d.Monitor          ] [Dict Loading] custom\ext_stopword.dic
[2021-12-30T01:35:08,455][INFO ][o.e.g.GatewayService     ] [m45SoXP] recovered [2] indices into cluster_state
[2021-12-30T01:35:08,526][DEBUG][o.e.a.s.TransportSearchAction] [m45SoXP] All shards failed for phase: [query]
org.elasticsearch.action.NoShardAvailableActionException: null
	at org.elasticsearch.action.search.AbstractSearchAsyncAction.start(AbstractSearchAsyncAction.java:115) ~[elasticsearch-5.2.0.jar:5.2.0]
	at org.elasticsearch.action.search.TransportSearchAction.doExecute(TransportSearchAction.java:154) ~[elasticsearch-5.2.0.jar:5.2.0]
	at org.elasticsearch.action.search.TransportSearchAction.doExecute(TransportSearchAction.java:53) ~[elasticsearch-5.2.0.jar:5.2.0]
	at org.elasticsearch.action.support.TransportAction$RequestFilterChain.proceed(TransportAction.java:173) ~[elasticsearch-5.2.0.jar:5.2.0]
	at org.elasticsearch.action.support.TransportAction.execute(TransportAction.java:145) ~[elasticsearch-5.2.0.jar:5.2.0]
	at org.elasticsearch.action.support.TransportAction.execute(TransportAction.java:87) ~[elasticsearch-5.2.0.jar:5.2.0]
	at org.elasticsearch.client.node.NodeClient.executeLocally(NodeClient.java:75) ~[elasticsearch-5.2.0.jar:5.2.0]
	at org.elasticsearch.client.node.NodeClient.doExecute(NodeClient.java:64) ~[elasticsearch-5.2.0.jar:5.2.0]
	at org.elasticsearch.client.support.AbstractClient.execute(AbstractClient.java:403) ~[elasticsearch-5.2.0.jar:5.2.0]
	at org.elasticsearch.client.support.AbstractClient.search(AbstractClient.java:530) ~[elasticsearch-5.2.0.jar:5.2.0]
	at org.elasticsearch.rest.action.search.RestSearchAction.lambda$prepareRequest$1(RestSearchAction.java:81) ~[elasticsearch-5.2.0.jar:5.2.0]
	at org.elasticsearch.rest.BaseRestHandler.handleRequest(BaseRestHandler.java:82) [elasticsearch-5.2.0.jar:5.2.0]
	at org.elasticsearch.rest.RestController.dispatchRequest(RestController.java:162) [elasticsearch-5.2.0.jar:5.2.0]
	at org.elasticsearch.http.HttpServer.dispatchRequest(HttpServer.java:115) [elasticsearch-5.2.0.jar:5.2.0]
	at org.elasticsearch.http.netty4.Netty4HttpServerTransport.dispatchRequest(Netty4HttpServerTransport.java:515) [transport-netty4-5.2.0.jar:5.2.0]
	at org.elasticsearch.http.netty4.Netty4HttpRequestHandler.channelRead0(Netty4HttpRequestHandler.java:70) [transport-netty4-5.2.0.jar:5.2.0]
	at io.netty.channel.SimpleChannelInboundHandler.channelRead(SimpleChannelInboundHandler.java:105) [netty-transport-4.1.7.Final.jar:4.1.7.Final]
	at io.netty.channel.AbstractChannelHandlerContext.invokeChannelRead(AbstractChannelHandlerContext.java:363) [netty-transport-4.1.7.Final.jar:4.1.7.Final]
	at io.netty.channel.AbstractChannelHandlerContext.invokeChannelRead(AbstractChannelHandlerContext.java:349) [netty-transport-4.1.7.Final.jar:4.1.7.Final]
	at io.netty.channel.AbstractChannelHandlerContext.fireChannelRead(AbstractChannelHandlerContext.java:341) [netty-transport-4.1.7.Final.jar:4.1.7.Final]
	at org.elasticsearch.http.netty4.pipelining.HttpPipeliningHandler.channelRead(HttpPipeliningHandler.java:66) [transport-netty4-5.2.0.jar:5.2.0]
	at io.netty.channel.AbstractChannelHandlerContext.invokeChannelRead(AbstractChannelHandlerContext.java:363) [netty-transport-4.1.7.Final.jar:4.1.7.Final]
	at io.netty.channel.AbstractChannelHandlerContext.invokeChannelRead(AbstractChannelHandlerContext.java:349) [netty-transport-4.1.7.Final.jar:4.1.7.Final]
	at io.netty.channel.AbstractChannelHandlerContext.fireChannelRead(AbstractChannelHandlerContext.java:341) [netty-transport-4.1.7.Final.jar:4.1.7.Final]
	at io.netty.handler.codec.MessageToMessageDecoder.channelRead(MessageToMessageDecoder.java:102) [netty-codec-4.1.7.Final.jar:4.1.7.Final]
	at io.netty.handler.codec.MessageToMessageCodec.channelRead(MessageToMessageCodec.java:111) [netty-codec-4.1.7.Final.jar:4.1.7.Final]
	at io.netty.channel.AbstractChannelHandlerContext.invokeChannelRead(AbstractChannelHandlerContext.java:363) [netty-transport-4.1.7.Final.jar:4.1.7.Final]
	at io.netty.channel.AbstractChannelHandlerContext.invokeChannelRead(AbstractChannelHandlerContext.java:349) [netty-transport-4.1.7.Final.jar:4.1.7.Final]
	at io.netty.channel.AbstractChannelHandlerContext.fireChannelRead(AbstractChannelHandlerContext.java:341) [netty-transport-4.1.7.Final.jar:4.1.7.Final]
	at io.netty.handler.codec.MessageToMessageDecoder.channelRead(MessageToMessageDecoder.java:102) [netty-codec-4.1.7.Final.jar:4.1.7.Final]
	at io.netty.channel.AbstractChannelHandlerContext.invokeChannelRead(AbstractChannelHandlerContext.java:363) [netty-transport-4.1.7.Final.jar:4.1.7.Final]
	at io.netty.channel.AbstractChannelHandlerContext.invokeChannelRead(AbstractChannelHandlerContext.java:349) [netty-transport-4.1.7.Final.jar:4.1.7.Final]
	at io.netty.channel.AbstractChannelHandlerContext.fireChannelRead(AbstractChannelHandlerContext.java:341) [netty-transport-4.1.7.Final.jar:4.1.7.Final]
	at io.netty.handler.codec.MessageToMessageDecoder.channelRead(MessageToMessageDecoder.java:102) [netty-codec-4.1.7.Final.jar:4.1.7.Final]
	at io.netty.channel.AbstractChannelHandlerContext.invokeChannelRead(AbstractChannelHandlerContext.java:363) [netty-transport-4.1.7.Final.jar:4.1.7.Final]
	at io.netty.channel.AbstractChannelHandlerContext.invokeChannelRead(AbstractChannelHandlerContext.java:349) [netty-transport-4.1.7.Final.jar:4.1.7.Final]
	at io.netty.channel.AbstractChannelHandlerContext.fireChannelRead(AbstractChannelHandlerContext.java:341) [netty-transport-4.1.7.Final.jar:4.1.7.Final]
	at io.netty.handler.codec.ByteToMessageDecoder.fireChannelRead(ByteToMessageDecoder.java:293) [netty-codec-4.1.7.Final.jar:4.1.7.Final]
	at io.netty.handler.codec.ByteToMessageDecoder.channelRead(ByteToMessageDecoder.java:267) [netty-codec-4.1.7.Final.jar:4.1.7.Final]
	at io.netty.channel.AbstractChannelHandlerContext.invokeChannelRead(AbstractChannelHandlerContext.java:363) [netty-transport-4.1.7.Final.jar:4.1.7.Final]
	at io.netty.channel.AbstractChannelHandlerContext.invokeChannelRead(AbstractChannelHandlerContext.java:349) [netty-transport-4.1.7.Final.jar:4.1.7.Final]
	at io.netty.channel.AbstractChannelHandlerContext.fireChannelRead(AbstractChannelHandlerContext.java:341) [netty-transport-4.1.7.Final.jar:4.1.7.Final]
	at io.netty.channel.ChannelInboundHandlerAdapter.channelRead(ChannelInboundHandlerAdapter.java:86) [netty-transport-4.1.7.Final.jar:4.1.7.Final]
	at io.netty.channel.AbstractChannelHandlerContext.invokeChannelRead(AbstractChannelHandlerContext.java:363) [netty-transport-4.1.7.Final.jar:4.1.7.Final]
	at io.netty.channel.AbstractChannelHandlerContext.invokeChannelRead(AbstractChannelHandlerContext.java:349) [netty-transport-4.1.7.Final.jar:4.1.7.Final]
	at io.netty.channel.AbstractChannelHandlerContext.fireChannelRead(AbstractChannelHandlerContext.java:341) [netty-transport-4.1.7.Final.jar:4.1.7.Final]
	at io.netty.channel.DefaultChannelPipeline$HeadContext.channelRead(DefaultChannelPipeline.java:1334) [netty-transport-4.1.7.Final.jar:4.1.7.Final]
	at io.netty.channel.AbstractChannelHandlerContext.invokeChannelRead(AbstractChannelHandlerContext.java:363) [netty-transport-4.1.7.Final.jar:4.1.7.Final]
	at io.netty.channel.AbstractChannelHandlerContext.invokeChannelRead(AbstractChannelHandlerContext.java:349) [netty-transport-4.1.7.Final.jar:4.1.7.Final]
	at io.netty.channel.DefaultChannelPipeline.fireChannelRead(DefaultChannelPipeline.java:926) [netty-transport-4.1.7.Final.jar:4.1.7.Final]
	at io.netty.channel.nio.AbstractNioByteChannel$NioByteUnsafe.read(AbstractNioByteChannel.java:129) [netty-transport-4.1.7.Final.jar:4.1.7.Final]
	at io.netty.channel.nio.NioEventLoop.processSelectedKey(NioEventLoop.java:642) [netty-transport-4.1.7.Final.jar:4.1.7.Final]
	at io.netty.channel.nio.NioEventLoop.processSelectedKeysPlain(NioEventLoop.java:527) [netty-transport-4.1.7.Final.jar:4.1.7.Final]
	at io.netty.channel.nio.NioEventLoop.processSelectedKeys(NioEventLoop.java:481) [netty-transport-4.1.7.Final.jar:4.1.7.Final]
	at io.netty.channel.nio.NioEventLoop.run(NioEventLoop.java:441) [netty-transport-4.1.7.Final.jar:4.1.7.Final]
	at io.netty.util.concurrent.SingleThreadEventExecutor$5.run(SingleThreadEventExecutor.java:858) [netty-common-4.1.7.Final.jar:4.1.7.Final]
	at java.lang.Thread.run(Thread.java:748) [?:1.8.0_301]
[2021-12-30T01:35:08,548][WARN ][r.suppressed             ] path: /data/_search, params: {index=data}
org.elasticsearch.action.search.SearchPhaseExecutionException: all shards failed
	at org.elasticsearch.action.search.AbstractSearchAsyncAction.onFirstPhaseResult(AbstractSearchAsyncAction.java:208) ~[elasticsearch-5.2.0.jar:5.2.0]
	at org.elasticsearch.action.search.AbstractSearchAsyncAction.start(AbstractSearchAsyncAction.java:115) ~[elasticsearch-5.2.0.jar:5.2.0]
	at org.elasticsearch.action.search.TransportSearchAction.doExecute(TransportSearchAction.java:154) ~[elasticsearch-5.2.0.jar:5.2.0]
	at org.elasticsearch.action.search.TransportSearchAction.doExecute(TransportSearchAction.java:53) ~[elasticsearch-5.2.0.jar:5.2.0]
	at org.elasticsearch.action.support.TransportAction$RequestFilterChain.proceed(TransportAction.java:173) ~[elasticsearch-5.2.0.jar:5.2.0]
	at org.elasticsearch.action.support.TransportAction.execute(TransportAction.java:145) ~[elasticsearch-5.2.0.jar:5.2.0]
	at org.elasticsearch.action.support.TransportAction.execute(TransportAction.java:87) ~[elasticsearch-5.2.0.jar:5.2.0]
	at org.elasticsearch.client.node.NodeClient.executeLocally(NodeClient.java:75) ~[elasticsearch-5.2.0.jar:5.2.0]
	at org.elasticsearch.client.node.NodeClient.doExecute(NodeClient.java:64) ~[elasticsearch-5.2.0.jar:5.2.0]
	at org.elasticsearch.client.support.AbstractClient.execute(AbstractClient.java:403) ~[elasticsearch-5.2.0.jar:5.2.0]
	at org.elasticsearch.client.support.AbstractClient.search(AbstractClient.java:530) ~[elasticsearch-5.2.0.jar:5.2.0]
	at org.elasticsearch.rest.action.search.RestSearchAction.lambda$prepareRequest$1(RestSearchAction.java:81) ~[elasticsearch-5.2.0.jar:5.2.0]
	at org.elasticsearch.rest.BaseRestHandler.handleRequest(BaseRestHandler.java:82) [elasticsearch-5.2.0.jar:5.2.0]
	at org.elasticsearch.rest.RestController.dispatchRequest(RestController.java:162) [elasticsearch-5.2.0.jar:5.2.0]
	at org.elasticsearch.http.HttpServer.dispatchRequest(HttpServer.java:115) [elasticsearch-5.2.0.jar:5.2.0]
	at org.elasticsearch.http.netty4.Netty4HttpServerTransport.dispatchRequest(Netty4HttpServerTransport.java:515) [transport-netty4-5.2.0.jar:5.2.0]
	at org.elasticsearch.http.netty4.Netty4HttpRequestHandler.channelRead0(Netty4HttpRequestHandler.java:70) [transport-netty4-5.2.0.jar:5.2.0]
	at io.netty.channel.SimpleChannelInboundHandler.channelRead(SimpleChannelInboundHandler.java:105) [netty-transport-4.1.7.Final.jar:4.1.7.Final]
	at io.netty.channel.AbstractChannelHandlerContext.invokeChannelRead(AbstractChannelHandlerContext.java:363) [netty-transport-4.1.7.Final.jar:4.1.7.Final]
	at io.netty.channel.AbstractChannelHandlerContext.invokeChannelRead(AbstractChannelHandlerContext.java:349) [netty-transport-4.1.7.Final.jar:4.1.7.Final]
	at io.netty.channel.AbstractChannelHandlerContext.fireChannelRead(AbstractChannelHandlerContext.java:341) [netty-transport-4.1.7.Final.jar:4.1.7.Final]
	at org.elasticsearch.http.netty4.pipelining.HttpPipeliningHandler.channelRead(HttpPipeliningHandler.java:66) [transport-netty4-5.2.0.jar:5.2.0]
	at io.netty.channel.AbstractChannelHandlerContext.invokeChannelRead(AbstractChannelHandlerContext.java:363) [netty-transport-4.1.7.Final.jar:4.1.7.Final]
	at io.netty.channel.AbstractChannelHandlerContext.invokeChannelRead(AbstractChannelHandlerContext.java:349) [netty-transport-4.1.7.Final.jar:4.1.7.Final]
	at io.netty.channel.AbstractChannelHandlerContext.fireChannelRead(AbstractChannelHandlerContext.java:341) [netty-transport-4.1.7.Final.jar:4.1.7.Final]
	at io.netty.handler.codec.MessageToMessageDecoder.channelRead(MessageToMessageDecoder.java:102) [netty-codec-4.1.7.Final.jar:4.1.7.Final]
	at io.netty.handler.codec.MessageToMessageCodec.channelRead(MessageToMessageCodec.java:111) [netty-codec-4.1.7.Final.jar:4.1.7.Final]
	at io.netty.channel.AbstractChannelHandlerContext.invokeChannelRead(AbstractChannelHandlerContext.java:363) [netty-transport-4.1.7.Final.jar:4.1.7.Final]
	at io.netty.channel.AbstractChannelHandlerContext.invokeChannelRead(AbstractChannelHandlerContext.java:349) [netty-transport-4.1.7.Final.jar:4.1.7.Final]
	at io.netty.channel.AbstractChannelHandlerContext.fireChannelRead(AbstractChannelHandlerContext.java:341) [netty-transport-4.1.7.Final.jar:4.1.7.Final]
	at io.netty.handler.codec.MessageToMessageDecoder.channelRead(MessageToMessageDecoder.java:102) [netty-codec-4.1.7.Final.jar:4.1.7.Final]
	at io.netty.channel.AbstractChannelHandlerContext.invokeChannelRead(AbstractChannelHandlerContext.java:363) [netty-transport-4.1.7.Final.jar:4.1.7.Final]
	at io.netty.channel.AbstractChannelHandlerContext.invokeChannelRead(AbstractChannelHandlerContext.java:349) [netty-transport-4.1.7.Final.jar:4.1.7.Final]
	at io.netty.channel.AbstractChannelHandlerContext.fireChannelRead(AbstractChannelHandlerContext.java:341) [netty-transport-4.1.7.Final.jar:4.1.7.Final]
	at io.netty.handler.codec.MessageToMessageDecoder.channelRead(MessageToMessageDecoder.java:102) [netty-codec-4.1.7.Final.jar:4.1.7.Final]
	at io.netty.channel.AbstractChannelHandlerContext.invokeChannelRead(AbstractChannelHandlerContext.java:363) [netty-transport-4.1.7.Final.jar:4.1.7.Final]
	at io.netty.channel.AbstractChannelHandlerContext.invokeChannelRead(AbstractChannelHandlerContext.java:349) [netty-transport-4.1.7.Final.jar:4.1.7.Final]
	at io.netty.channel.AbstractChannelHandlerContext.fireChannelRead(AbstractChannelHandlerContext.java:341) [netty-transport-4.1.7.Final.jar:4.1.7.Final]
	at io.netty.handler.codec.ByteToMessageDecoder.fireChannelRead(ByteToMessageDecoder.java:293) [netty-codec-4.1.7.Final.jar:4.1.7.Final]
	at io.netty.handler.codec.ByteToMessageDecoder.channelRead(ByteToMessageDecoder.java:267) [netty-codec-4.1.7.Final.jar:4.1.7.Final]
	at io.netty.channel.AbstractChannelHandlerContext.invokeChannelRead(AbstractChannelHandlerContext.java:363) [netty-transport-4.1.7.Final.jar:4.1.7.Final]
	at io.netty.channel.AbstractChannelHandlerContext.invokeChannelRead(AbstractChannelHandlerContext.java:349) [netty-transport-4.1.7.Final.jar:4.1.7.Final]
	at io.netty.channel.AbstractChannelHandlerContext.fireChannelRead(AbstractChannelHandlerContext.java:341) [netty-transport-4.1.7.Final.jar:4.1.7.Final]
	at io.netty.channel.ChannelInboundHandlerAdapter.channelRead(ChannelInboundHandlerAdapter.java:86) [netty-transport-4.1.7.Final.jar:4.1.7.Final]
	at io.netty.channel.AbstractChannelHandlerContext.invokeChannelRead(AbstractChannelHandlerContext.java:363) [netty-transport-4.1.7.Final.jar:4.1.7.Final]
	at io.netty.channel.AbstractChannelHandlerContext.invokeChannelRead(AbstractChannelHandlerContext.java:349) [netty-transport-4.1.7.Final.jar:4.1.7.Final]
	at io.netty.channel.AbstractChannelHandlerContext.fireChannelRead(AbstractChannelHandlerContext.java:341) [netty-transport-4.1.7.Final.jar:4.1.7.Final]
	at io.netty.channel.DefaultChannelPipeline$HeadContext.channelRead(DefaultChannelPipeline.java:1334) [netty-transport-4.1.7.Final.jar:4.1.7.Final]
	at io.netty.channel.AbstractChannelHandlerContext.invokeChannelRead(AbstractChannelHandlerContext.java:363) [netty-transport-4.1.7.Final.jar:4.1.7.Final]
	at io.netty.channel.AbstractChannelHandlerContext.invokeChannelRead(AbstractChannelHandlerContext.java:349) [netty-transport-4.1.7.Final.jar:4.1.7.Final]
	at io.netty.channel.DefaultChannelPipeline.fireChannelRead(DefaultChannelPipeline.java:926) [netty-transport-4.1.7.Final.jar:4.1.7.Final]
	at io.netty.channel.nio.AbstractNioByteChannel$NioByteUnsafe.read(AbstractNioByteChannel.java:129) [netty-transport-4.1.7.Final.jar:4.1.7.Final]
	at io.netty.channel.nio.NioEventLoop.processSelectedKey(NioEventLoop.java:642) [netty-transport-4.1.7.Final.jar:4.1.7.Final]
	at io.netty.channel.nio.NioEventLoop.processSelectedKeysPlain(NioEventLoop.java:527) [netty-transport-4.1.7.Final.jar:4.1.7.Final]
	at io.netty.channel.nio.NioEventLoop.processSelectedKeys(NioEventLoop.java:481) [netty-transport-4.1.7.Final.jar:4.1.7.Final]
	at io.netty.channel.nio.NioEventLoop.run(NioEventLoop.java:441) [netty-transport-4.1.7.Final.jar:4.1.7.Final]
	at io.netty.util.concurrent.SingleThreadEventExecutor$5.run(SingleThreadEventExecutor.java:858) [netty-common-4.1.7.Final.jar:4.1.7.Final]
	at java.lang.Thread.run(Thread.java:748) [?:1.8.0_301]
Caused by: org.elasticsearch.action.NoShardAvailableActionException
	... 57 more
[2021-12-30T01:35:08,608][DEBUG][o.e.a.s.TransportSearchAction] [m45SoXP] All shards failed for phase: [query]
org.elasticsearch.action.NoShardAvailableActionException: null
	at org.elasticsearch.action.search.AbstractSearchAsyncAction.start(AbstractSearchAsyncAction.java:115) ~[elasticsearch-5.2.0.jar:5.2.0]
	at org.elasticsearch.action.search.TransportSearchAction.doExecute(TransportSearchAction.java:154) ~[elasticsearch-5.2.0.jar:5.2.0]
	at org.elasticsearch.action.search.TransportSearchAction.doExecute(TransportSearchAction.java:53) ~[elasticsearch-5.2.0.jar:5.2.0]
	at org.elasticsearch.action.support.TransportAction$RequestFilterChain.proceed(TransportAction.java:173) ~[elasticsearch-5.2.0.jar:5.2.0]
	at org.elasticsearch.action.support.TransportAction.execute(TransportAction.java:145) ~[elasticsearch-5.2.0.jar:5.2.0]
	at org.elasticsearch.action.support.TransportAction.execute(TransportAction.java:87) ~[elasticsearch-5.2.0.jar:5.2.0]
	at org.elasticsearch.client.node.NodeClient.executeLocally(NodeClient.java:75) ~[elasticsearch-5.2.0.jar:5.2.0]
	at org.elasticsearch.client.node.NodeClient.doExecute(NodeClient.java:64) ~[elasticsearch-5.2.0.jar:5.2.0]
	at org.elasticsearch.client.support.AbstractClient.execute(AbstractClient.java:403) ~[elasticsearch-5.2.0.jar:5.2.0]
	at org.elasticsearch.client.support.AbstractClient.search(AbstractClient.java:530) ~[elasticsearch-5.2.0.jar:5.2.0]
	at org.elasticsearch.rest.action.search.RestSearchAction.lambda$prepareRequest$1(RestSearchAction.java:81) ~[elasticsearch-5.2.0.jar:5.2.0]
	at org.elasticsearch.rest.BaseRestHandler.handleRequest(BaseRestHandler.java:82) [elasticsearch-5.2.0.jar:5.2.0]
	at org.elasticsearch.rest.RestController.dispatchRequest(RestController.java:162) [elasticsearch-5.2.0.jar:5.2.0]
	at org.elasticsearch.http.HttpServer.dispatchRequest(HttpServer.java:115) [elasticsearch-5.2.0.jar:5.2.0]
	at org.elasticsearch.http.netty4.Netty4HttpServerTransport.dispatchRequest(Netty4HttpServerTransport.java:515) [transport-netty4-5.2.0.jar:5.2.0]
	at org.elasticsearch.http.netty4.Netty4HttpRequestHandler.channelRead0(Netty4HttpRequestHandler.java:70) [transport-netty4-5.2.0.jar:5.2.0]
	at io.netty.channel.SimpleChannelInboundHandler.channelRead(SimpleChannelInboundHandler.java:105) [netty-transport-4.1.7.Final.jar:4.1.7.Final]
	at io.netty.channel.AbstractChannelHandlerContext.invokeChannelRead(AbstractChannelHandlerContext.java:363) [netty-transport-4.1.7.Final.jar:4.1.7.Final]
	at io.netty.channel.AbstractChannelHandlerContext.invokeChannelRead(AbstractChannelHandlerContext.java:349) [netty-transport-4.1.7.Final.jar:4.1.7.Final]
	at io.netty.channel.AbstractChannelHandlerContext.fireChannelRead(AbstractChannelHandlerContext.java:341) [netty-transport-4.1.7.Final.jar:4.1.7.Final]
	at org.elasticsearch.http.netty4.pipelining.HttpPipeliningHandler.channelRead(HttpPipeliningHandler.java:66) [transport-netty4-5.2.0.jar:5.2.0]
	at io.netty.channel.AbstractChannelHandlerContext.invokeChannelRead(AbstractChannelHandlerContext.java:363) [netty-transport-4.1.7.Final.jar:4.1.7.Final]
	at io.netty.channel.AbstractChannelHandlerContext.invokeChannelRead(AbstractChannelHandlerContext.java:349) [netty-transport-4.1.7.Final.jar:4.1.7.Final]
	at io.netty.channel.AbstractChannelHandlerContext.fireChannelRead(AbstractChannelHandlerContext.java:341) [netty-transport-4.1.7.Final.jar:4.1.7.Final]
	at io.netty.handler.codec.MessageToMessageDecoder.channelRead(MessageToMessageDecoder.java:102) [netty-codec-4.1.7.Final.jar:4.1.7.Final]
	at io.netty.handler.codec.MessageToMessageCodec.channelRead(MessageToMessageCodec.java:111) [netty-codec-4.1.7.Final.jar:4.1.7.Final]
	at io.netty.channel.AbstractChannelHandlerContext.invokeChannelRead(AbstractChannelHandlerContext.java:363) [netty-transport-4.1.7.Final.jar:4.1.7.Final]
	at io.netty.channel.AbstractChannelHandlerContext.invokeChannelRead(AbstractChannelHandlerContext.java:349) [netty-transport-4.1.7.Final.jar:4.1.7.Final]
	at io.netty.channel.AbstractChannelHandlerContext.fireChannelRead(AbstractChannelHandlerContext.java:341) [netty-transport-4.1.7.Final.jar:4.1.7.Final]
	at io.netty.handler.codec.MessageToMessageDecoder.channelRead(MessageToMessageDecoder.java:102) [netty-codec-4.1.7.Final.jar:4.1.7.Final]
	at io.netty.channel.AbstractChannelHandlerContext.invokeChannelRead(AbstractChannelHandlerContext.java:363) [netty-transport-4.1.7.Final.jar:4.1.7.Final]
	at io.netty.channel.AbstractChannelHandlerContext.invokeChannelRead(AbstractChannelHandlerContext.java:349) [netty-transport-4.1.7.Final.jar:4.1.7.Final]
	at io.netty.channel.AbstractChannelHandlerContext.fireChannelRead(AbstractChannelHandlerContext.java:341) [netty-transport-4.1.7.Final.jar:4.1.7.Final]
	at io.netty.handler.codec.MessageToMessageDecoder.channelRead(MessageToMessageDecoder.java:102) [netty-codec-4.1.7.Final.jar:4.1.7.Final]
	at io.netty.channel.AbstractChannelHandlerContext.invokeChannelRead(AbstractChannelHandlerContext.java:363) [netty-transport-4.1.7.Final.jar:4.1.7.Final]
	at io.netty.channel.AbstractChannelHandlerContext.invokeChannelRead(AbstractChannelHandlerContext.java:349) [netty-transport-4.1.7.Final.jar:4.1.7.Final]
	at io.netty.channel.AbstractChannelHandlerContext.fireChannelRead(AbstractChannelHandlerContext.java:341) [netty-transport-4.1.7.Final.jar:4.1.7.Final]
	at io.netty.handler.codec.ByteToMessageDecoder.fireChannelRead(ByteToMessageDecoder.java:293) [netty-codec-4.1.7.Final.jar:4.1.7.Final]
	at io.netty.handler.codec.ByteToMessageDecoder.channelRead(ByteToMessageDecoder.java:267) [netty-codec-4.1.7.Final.jar:4.1.7.Final]
	at io.netty.channel.AbstractChannelHandlerContext.invokeChannelRead(AbstractChannelHandlerContext.java:363) [netty-transport-4.1.7.Final.jar:4.1.7.Final]
	at io.netty.channel.AbstractChannelHandlerContext.invokeChannelRead(AbstractChannelHandlerContext.java:349) [netty-transport-4.1.7.Final.jar:4.1.7.Final]
	at io.netty.channel.AbstractChannelHandlerContext.fireChannelRead(AbstractChannelHandlerContext.java:341) [netty-transport-4.1.7.Final.jar:4.1.7.Final]
	at io.netty.channel.ChannelInboundHandlerAdapter.channelRead(ChannelInboundHandlerAdapter.java:86) [netty-transport-4.1.7.Final.jar:4.1.7.Final]
	at io.netty.channel.AbstractChannelHandlerContext.invokeChannelRead(AbstractChannelHandlerContext.java:363) [netty-transport-4.1.7.Final.jar:4.1.7.Final]
	at io.netty.channel.AbstractChannelHandlerContext.invokeChannelRead(AbstractChannelHandlerContext.java:349) [netty-transport-4.1.7.Final.jar:4.1.7.Final]
	at io.netty.channel.AbstractChannelHandlerContext.fireChannelRead(AbstractChannelHandlerContext.java:341) [netty-transport-4.1.7.Final.jar:4.1.7.Final]
	at io.netty.channel.DefaultChannelPipeline$HeadContext.channelRead(DefaultChannelPipeline.java:1334) [netty-transport-4.1.7.Final.jar:4.1.7.Final]
	at io.netty.channel.AbstractChannelHandlerContext.invokeChannelRead(AbstractChannelHandlerContext.java:363) [netty-transport-4.1.7.Final.jar:4.1.7.Final]
	at io.netty.channel.AbstractChannelHandlerContext.invokeChannelRead(AbstractChannelHandlerContext.java:349) [netty-transport-4.1.7.Final.jar:4.1.7.Final]
	at io.netty.channel.DefaultChannelPipeline.fireChannelRead(DefaultChannelPipeline.java:926) [netty-transport-4.1.7.Final.jar:4.1.7.Final]
	at io.netty.channel.nio.AbstractNioByteChannel$NioByteUnsafe.read(AbstractNioByteChannel.java:129) [netty-transport-4.1.7.Final.jar:4.1.7.Final]
	at io.netty.channel.nio.NioEventLoop.processSelectedKey(NioEventLoop.java:642) [netty-transport-4.1.7.Final.jar:4.1.7.Final]
	at io.netty.channel.nio.NioEventLoop.processSelectedKeysPlain(NioEventLoop.java:527) [netty-transport-4.1.7.Final.jar:4.1.7.Final]
	at io.netty.channel.nio.NioEventLoop.processSelectedKeys(NioEventLoop.java:481) [netty-transport-4.1.7.Final.jar:4.1.7.Final]
	at io.netty.channel.nio.NioEventLoop.run(NioEventLoop.java:441) [netty-transport-4.1.7.Final.jar:4.1.7.Final]
	at io.netty.util.concurrent.SingleThreadEventExecutor$5.run(SingleThreadEventExecutor.java:858) [netty-common-4.1.7.Final.jar:4.1.7.Final]
	at java.lang.Thread.run(Thread.java:748) [?:1.8.0_301]
[2021-12-30T01:35:08,612][WARN ][r.suppressed             ] path: /data/_search, params: {index=data}
org.elasticsearch.action.search.SearchPhaseExecutionException: all shards failed
	at org.elasticsearch.action.search.AbstractSearchAsyncAction.onFirstPhaseResult(AbstractSearchAsyncAction.java:208) ~[elasticsearch-5.2.0.jar:5.2.0]
	at org.elasticsearch.action.search.AbstractSearchAsyncAction.start(AbstractSearchAsyncAction.java:115) ~[elasticsearch-5.2.0.jar:5.2.0]
	at org.elasticsearch.action.search.TransportSearchAction.doExecute(TransportSearchAction.java:154) ~[elasticsearch-5.2.0.jar:5.2.0]
	at org.elasticsearch.action.search.TransportSearchAction.doExecute(TransportSearchAction.java:53) ~[elasticsearch-5.2.0.jar:5.2.0]
	at org.elasticsearch.action.support.TransportAction$RequestFilterChain.proceed(TransportAction.java:173) ~[elasticsearch-5.2.0.jar:5.2.0]
	at org.elasticsearch.action.support.TransportAction.execute(TransportAction.java:145) ~[elasticsearch-5.2.0.jar:5.2.0]
	at org.elasticsearch.action.support.TransportAction.execute(TransportAction.java:87) ~[elasticsearch-5.2.0.jar:5.2.0]
	at org.elasticsearch.client.node.NodeClient.executeLocally(NodeClient.java:75) ~[elasticsearch-5.2.0.jar:5.2.0]
	at org.elasticsearch.client.node.NodeClient.doExecute(NodeClient.java:64) ~[elasticsearch-5.2.0.jar:5.2.0]
	at org.elasticsearch.client.support.AbstractClient.execute(AbstractClient.java:403) ~[elasticsearch-5.2.0.jar:5.2.0]
	at org.elasticsearch.client.support.AbstractClient.search(AbstractClient.java:530) ~[elasticsearch-5.2.0.jar:5.2.0]
	at org.elasticsearch.rest.action.search.RestSearchAction.lambda$prepareRequest$1(RestSearchAction.java:81) ~[elasticsearch-5.2.0.jar:5.2.0]
	at org.elasticsearch.rest.BaseRestHandler.handleRequest(BaseRestHandler.java:82) [elasticsearch-5.2.0.jar:5.2.0]
	at org.elasticsearch.rest.RestController.dispatchRequest(RestController.java:162) [elasticsearch-5.2.0.jar:5.2.0]
	at org.elasticsearch.http.HttpServer.dispatchRequest(HttpServer.java:115) [elasticsearch-5.2.0.jar:5.2.0]
	at org.elasticsearch.http.netty4.Netty4HttpServerTransport.dispatchRequest(Netty4HttpServerTransport.java:515) [transport-netty4-5.2.0.jar:5.2.0]
	at org.elasticsearch.http.netty4.Netty4HttpRequestHandler.channelRead0(Netty4HttpRequestHandler.java:70) [transport-netty4-5.2.0.jar:5.2.0]
	at io.netty.channel.SimpleChannelInboundHandler.channelRead(SimpleChannelInboundHandler.java:105) [netty-transport-4.1.7.Final.jar:4.1.7.Final]
	at io.netty.channel.AbstractChannelHandlerContext.invokeChannelRead(AbstractChannelHandlerContext.java:363) [netty-transport-4.1.7.Final.jar:4.1.7.Final]
	at io.netty.channel.AbstractChannelHandlerContext.invokeChannelRead(AbstractChannelHandlerContext.java:349) [netty-transport-4.1.7.Final.jar:4.1.7.Final]
	at io.netty.channel.AbstractChannelHandlerContext.fireChannelRead(AbstractChannelHandlerContext.java:341) [netty-transport-4.1.7.Final.jar:4.1.7.Final]
	at org.elasticsearch.http.netty4.pipelining.HttpPipeliningHandler.channelRead(HttpPipeliningHandler.java:66) [transport-netty4-5.2.0.jar:5.2.0]
	at io.netty.channel.AbstractChannelHandlerContext.invokeChannelRead(AbstractChannelHandlerContext.java:363) [netty-transport-4.1.7.Final.jar:4.1.7.Final]
	at io.netty.channel.AbstractChannelHandlerContext.invokeChannelRead(AbstractChannelHandlerContext.java:349) [netty-transport-4.1.7.Final.jar:4.1.7.Final]
	at io.netty.channel.AbstractChannelHandlerContext.fireChannelRead(AbstractChannelHandlerContext.java:341) [netty-transport-4.1.7.Final.jar:4.1.7.Final]
	at io.netty.handler.codec.MessageToMessageDecoder.channelRead(MessageToMessageDecoder.java:102) [netty-codec-4.1.7.Final.jar:4.1.7.Final]
	at io.netty.handler.codec.MessageToMessageCodec.channelRead(MessageToMessageCodec.java:111) [netty-codec-4.1.7.Final.jar:4.1.7.Final]
	at io.netty.channel.AbstractChannelHandlerContext.invokeChannelRead(AbstractChannelHandlerContext.java:363) [netty-transport-4.1.7.Final.jar:4.1.7.Final]
	at io.netty.channel.AbstractChannelHandlerContext.invokeChannelRead(AbstractChannelHandlerContext.java:349) [netty-transport-4.1.7.Final.jar:4.1.7.Final]
	at io.netty.channel.AbstractChannelHandlerContext.fireChannelRead(AbstractChannelHandlerContext.java:341) [netty-transport-4.1.7.Final.jar:4.1.7.Final]
	at io.netty.handler.codec.MessageToMessageDecoder.channelRead(MessageToMessageDecoder.java:102) [netty-codec-4.1.7.Final.jar:4.1.7.Final]
	at io.netty.channel.AbstractChannelHandlerContext.invokeChannelRead(AbstractChannelHandlerContext.java:363) [netty-transport-4.1.7.Final.jar:4.1.7.Final]
	at io.netty.channel.AbstractChannelHandlerContext.invokeChannelRead(AbstractChannelHandlerContext.java:349) [netty-transport-4.1.7.Final.jar:4.1.7.Final]
	at io.netty.channel.AbstractChannelHandlerContext.fireChannelRead(AbstractChannelHandlerContext.java:341) [netty-transport-4.1.7.Final.jar:4.1.7.Final]
	at io.netty.handler.codec.MessageToMessageDecoder.channelRead(MessageToMessageDecoder.java:102) [netty-codec-4.1.7.Final.jar:4.1.7.Final]
	at io.netty.channel.AbstractChannelHandlerContext.invokeChannelRead(AbstractChannelHandlerContext.java:363) [netty-transport-4.1.7.Final.jar:4.1.7.Final]
	at io.netty.channel.AbstractChannelHandlerContext.invokeChannelRead(AbstractChannelHandlerContext.java:349) [netty-transport-4.1.7.Final.jar:4.1.7.Final]
	at io.netty.channel.AbstractChannelHandlerContext.fireChannelRead(AbstractChannelHandlerContext.java:341) [netty-transport-4.1.7.Final.jar:4.1.7.Final]
	at io.netty.handler.codec.ByteToMessageDecoder.fireChannelRead(ByteToMessageDecoder.java:293) [netty-codec-4.1.7.Final.jar:4.1.7.Final]
	at io.netty.handler.codec.ByteToMessageDecoder.channelRead(ByteToMessageDecoder.java:267) [netty-codec-4.1.7.Final.jar:4.1.7.Final]
	at io.netty.channel.AbstractChannelHandlerContext.invokeChannelRead(AbstractChannelHandlerContext.java:363) [netty-transport-4.1.7.Final.jar:4.1.7.Final]
	at io.netty.channel.AbstractChannelHandlerContext.invokeChannelRead(AbstractChannelHandlerContext.java:349) [netty-transport-4.1.7.Final.jar:4.1.7.Final]
	at io.netty.channel.AbstractChannelHandlerContext.fireChannelRead(AbstractChannelHandlerContext.java:341) [netty-transport-4.1.7.Final.jar:4.1.7.Final]
	at io.netty.channel.ChannelInboundHandlerAdapter.channelRead(ChannelInboundHandlerAdapter.java:86) [netty-transport-4.1.7.Final.jar:4.1.7.Final]
	at io.netty.channel.AbstractChannelHandlerContext.invokeChannelRead(AbstractChannelHandlerContext.java:363) [netty-transport-4.1.7.Final.jar:4.1.7.Final]
	at io.netty.channel.AbstractChannelHandlerContext.invokeChannelRead(AbstractChannelHandlerContext.java:349) [netty-transport-4.1.7.Final.jar:4.1.7.Final]
	at io.netty.channel.AbstractChannelHandlerContext.fireChannelRead(AbstractChannelHandlerContext.java:341) [netty-transport-4.1.7.Final.jar:4.1.7.Final]
	at io.netty.channel.DefaultChannelPipeline$HeadContext.channelRead(DefaultChannelPipeline.java:1334) [netty-transport-4.1.7.Final.jar:4.1.7.Final]
	at io.netty.channel.AbstractChannelHandlerContext.invokeChannelRead(AbstractChannelHandlerContext.java:363) [netty-transport-4.1.7.Final.jar:4.1.7.Final]
	at io.netty.channel.AbstractChannelHandlerContext.invokeChannelRead(AbstractChannelHandlerContext.java:349) [netty-transport-4.1.7.Final.jar:4.1.7.Final]
	at io.netty.channel.DefaultChannelPipeline.fireChannelRead(DefaultChannelPipeline.java:926) [netty-transport-4.1.7.Final.jar:4.1.7.Final]
	at io.netty.channel.nio.AbstractNioByteChannel$NioByteUnsafe.read(AbstractNioByteChannel.java:129) [netty-transport-4.1.7.Final.jar:4.1.7.Final]
	at io.netty.channel.nio.NioEventLoop.processSelectedKey(NioEventLoop.java:642) [netty-transport-4.1.7.Final.jar:4.1.7.Final]
	at io.netty.channel.nio.NioEventLoop.processSelectedKeysPlain(NioEventLoop.java:527) [netty-transport-4.1.7.Final.jar:4.1.7.Final]
	at io.netty.channel.nio.NioEventLoop.processSelectedKeys(NioEventLoop.java:481) [netty-transport-4.1.7.Final.jar:4.1.7.Final]
	at io.netty.channel.nio.NioEventLoop.run(NioEventLoop.java:441) [netty-transport-4.1.7.Final.jar:4.1.7.Final]
	at io.netty.util.concurrent.SingleThreadEventExecutor$5.run(SingleThreadEventExecutor.java:858) [netty-common-4.1.7.Final.jar:4.1.7.Final]
	at java.lang.Thread.run(Thread.java:748) [?:1.8.0_301]
Caused by: org.elasticsearch.action.NoShardAvailableActionException
	... 57 more
[2021-12-30T01:35:08,625][DEBUG][o.e.a.s.TransportSearchAction] [m45SoXP] All shards failed for phase: [query]
org.elasticsearch.action.NoShardAvailableActionException: null
	at org.elasticsearch.action.search.AbstractSearchAsyncAction.start(AbstractSearchAsyncAction.java:115) ~[elasticsearch-5.2.0.jar:5.2.0]
	at org.elasticsearch.action.search.TransportSearchAction.doExecute(TransportSearchAction.java:154) ~[elasticsearch-5.2.0.jar:5.2.0]
	at org.elasticsearch.action.search.TransportSearchAction.doExecute(TransportSearchAction.java:53) ~[elasticsearch-5.2.0.jar:5.2.0]
	at org.elasticsearch.action.support.TransportAction$RequestFilterChain.proceed(TransportAction.java:173) ~[elasticsearch-5.2.0.jar:5.2.0]
	at org.elasticsearch.action.support.TransportAction.execute(TransportAction.java:145) ~[elasticsearch-5.2.0.jar:5.2.0]
	at org.elasticsearch.action.support.TransportAction.execute(TransportAction.java:87) ~[elasticsearch-5.2.0.jar:5.2.0]
	at org.elasticsearch.client.node.NodeClient.executeLocally(NodeClient.java:75) ~[elasticsearch-5.2.0.jar:5.2.0]
	at org.elasticsearch.client.node.NodeClient.doExecute(NodeClient.java:64) ~[elasticsearch-5.2.0.jar:5.2.0]
	at org.elasticsearch.client.support.AbstractClient.execute(AbstractClient.java:403) ~[elasticsearch-5.2.0.jar:5.2.0]
	at org.elasticsearch.client.support.AbstractClient.search(AbstractClient.java:530) ~[elasticsearch-5.2.0.jar:5.2.0]
	at org.elasticsearch.rest.action.search.RestSearchAction.lambda$prepareRequest$1(RestSearchAction.java:81) ~[elasticsearch-5.2.0.jar:5.2.0]
	at org.elasticsearch.rest.BaseRestHandler.handleRequest(BaseRestHandler.java:82) [elasticsearch-5.2.0.jar:5.2.0]
	at org.elasticsearch.rest.RestController.dispatchRequest(RestController.java:162) [elasticsearch-5.2.0.jar:5.2.0]
	at org.elasticsearch.http.HttpServer.dispatchRequest(HttpServer.java:115) [elasticsearch-5.2.0.jar:5.2.0]
	at org.elasticsearch.http.netty4.Netty4HttpServerTransport.dispatchRequest(Netty4HttpServerTransport.java:515) [transport-netty4-5.2.0.jar:5.2.0]
	at org.elasticsearch.http.netty4.Netty4HttpRequestHandler.channelRead0(Netty4HttpRequestHandler.java:70) [transport-netty4-5.2.0.jar:5.2.0]
	at io.netty.channel.SimpleChannelInboundHandler.channelRead(SimpleChannelInboundHandler.java:105) [netty-transport-4.1.7.Final.jar:4.1.7.Final]
	at io.netty.channel.AbstractChannelHandlerContext.invokeChannelRead(AbstractChannelHandlerContext.java:363) [netty-transport-4.1.7.Final.jar:4.1.7.Final]
	at io.netty.channel.AbstractChannelHandlerContext.invokeChannelRead(AbstractChannelHandlerContext.java:349) [netty-transport-4.1.7.Final.jar:4.1.7.Final]
	at io.netty.channel.AbstractChannelHandlerContext.fireChannelRead(AbstractChannelHandlerContext.java:341) [netty-transport-4.1.7.Final.jar:4.1.7.Final]
	at org.elasticsearch.http.netty4.pipelining.HttpPipeliningHandler.channelRead(HttpPipeliningHandler.java:66) [transport-netty4-5.2.0.jar:5.2.0]
	at io.netty.channel.AbstractChannelHandlerContext.invokeChannelRead(AbstractChannelHandlerContext.java:363) [netty-transport-4.1.7.Final.jar:4.1.7.Final]
	at io.netty.channel.AbstractChannelHandlerContext.invokeChannelRead(AbstractChannelHandlerContext.java:349) [netty-transport-4.1.7.Final.jar:4.1.7.Final]
	at io.netty.channel.AbstractChannelHandlerContext.fireChannelRead(AbstractChannelHandlerContext.java:341) [netty-transport-4.1.7.Final.jar:4.1.7.Final]
	at io.netty.handler.codec.MessageToMessageDecoder.channelRead(MessageToMessageDecoder.java:102) [netty-codec-4.1.7.Final.jar:4.1.7.Final]
	at io.netty.handler.codec.MessageToMessageCodec.channelRead(MessageToMessageCodec.java:111) [netty-codec-4.1.7.Final.jar:4.1.7.Final]
	at io.netty.channel.AbstractChannelHandlerContext.invokeChannelRead(AbstractChannelHandlerContext.java:363) [netty-transport-4.1.7.Final.jar:4.1.7.Final]
	at io.netty.channel.AbstractChannelHandlerContext.invokeChannelRead(AbstractChannelHandlerContext.java:349) [netty-transport-4.1.7.Final.jar:4.1.7.Final]
	at io.netty.channel.AbstractChannelHandlerContext.fireChannelRead(AbstractChannelHandlerContext.java:341) [netty-transport-4.1.7.Final.jar:4.1.7.Final]
	at io.netty.handler.codec.MessageToMessageDecoder.channelRead(MessageToMessageDecoder.java:102) [netty-codec-4.1.7.Final.jar:4.1.7.Final]
	at io.netty.channel.AbstractChannelHandlerContext.invokeChannelRead(AbstractChannelHandlerContext.java:363) [netty-transport-4.1.7.Final.jar:4.1.7.Final]
	at io.netty.channel.AbstractChannelHandlerContext.invokeChannelRead(AbstractChannelHandlerContext.java:349) [netty-transport-4.1.7.Final.jar:4.1.7.Final]
	at io.netty.channel.AbstractChannelHandlerContext.fireChannelRead(AbstractChannelHandlerContext.java:341) [netty-transport-4.1.7.Final.jar:4.1.7.Final]
	at io.netty.handler.codec.MessageToMessageDecoder.channelRead(MessageToMessageDecoder.java:102) [netty-codec-4.1.7.Final.jar:4.1.7.Final]
	at io.netty.channel.AbstractChannelHandlerContext.invokeChannelRead(AbstractChannelHandlerContext.java:363) [netty-transport-4.1.7.Final.jar:4.1.7.Final]
	at io.netty.channel.AbstractChannelHandlerContext.invokeChannelRead(AbstractChannelHandlerContext.java:349) [netty-transport-4.1.7.Final.jar:4.1.7.Final]
	at io.netty.channel.AbstractChannelHandlerContext.fireChannelRead(AbstractChannelHandlerContext.java:341) [netty-transport-4.1.7.Final.jar:4.1.7.Final]
	at io.netty.handler.codec.ByteToMessageDecoder.fireChannelRead(ByteToMessageDecoder.java:293) [netty-codec-4.1.7.Final.jar:4.1.7.Final]
	at io.netty.handler.codec.ByteToMessageDecoder.channelRead(ByteToMessageDecoder.java:267) [netty-codec-4.1.7.Final.jar:4.1.7.Final]
	at io.netty.channel.AbstractChannelHandlerContext.invokeChannelRead(AbstractChannelHandlerContext.java:363) [netty-transport-4.1.7.Final.jar:4.1.7.Final]
	at io.netty.channel.AbstractChannelHandlerContext.invokeChannelRead(AbstractChannelHandlerContext.java:349) [netty-transport-4.1.7.Final.jar:4.1.7.Final]
	at io.netty.channel.AbstractChannelHandlerContext.fireChannelRead(AbstractChannelHandlerContext.java:341) [netty-transport-4.1.7.Final.jar:4.1.7.Final]
	at io.netty.channel.ChannelInboundHandlerAdapter.channelRead(ChannelInboundHandlerAdapter.java:86) [netty-transport-4.1.7.Final.jar:4.1.7.Final]
	at io.netty.channel.AbstractChannelHandlerContext.invokeChannelRead(AbstractChannelHandlerContext.java:363) [netty-transport-4.1.7.Final.jar:4.1.7.Final]
	at io.netty.channel.AbstractChannelHandlerContext.invokeChannelRead(AbstractChannelHandlerContext.java:349) [netty-transport-4.1.7.Final.jar:4.1.7.Final]
	at io.netty.channel.AbstractChannelHandlerContext.fireChannelRead(AbstractChannelHandlerContext.java:341) [netty-transport-4.1.7.Final.jar:4.1.7.Final]
	at io.netty.channel.DefaultChannelPipeline$HeadContext.channelRead(DefaultChannelPipeline.java:1334) [netty-transport-4.1.7.Final.jar:4.1.7.Final]
	at io.netty.channel.AbstractChannelHandlerContext.invokeChannelRead(AbstractChannelHandlerContext.java:363) [netty-transport-4.1.7.Final.jar:4.1.7.Final]
	at io.netty.channel.AbstractChannelHandlerContext.invokeChannelRead(AbstractChannelHandlerContext.java:349) [netty-transport-4.1.7.Final.jar:4.1.7.Final]
	at io.netty.channel.DefaultChannelPipeline.fireChannelRead(DefaultChannelPipeline.java:926) [netty-transport-4.1.7.Final.jar:4.1.7.Final]
	at io.netty.channel.nio.AbstractNioByteChannel$NioByteUnsafe.read(AbstractNioByteChannel.java:129) [netty-transport-4.1.7.Final.jar:4.1.7.Final]
	at io.netty.channel.nio.NioEventLoop.processSelectedKey(NioEventLoop.java:642) [netty-transport-4.1.7.Final.jar:4.1.7.Final]
	at io.netty.channel.nio.NioEventLoop.processSelectedKeysPlain(NioEventLoop.java:527) [netty-transport-4.1.7.Final.jar:4.1.7.Final]
	at io.netty.channel.nio.NioEventLoop.processSelectedKeys(NioEventLoop.java:481) [netty-transport-4.1.7.Final.jar:4.1.7.Final]
	at io.netty.channel.nio.NioEventLoop.run(NioEventLoop.java:441) [netty-transport-4.1.7.Final.jar:4.1.7.Final]
	at io.netty.util.concurrent.SingleThreadEventExecutor$5.run(SingleThreadEventExecutor.java:858) [netty-common-4.1.7.Final.jar:4.1.7.Final]
	at java.lang.Thread.run(Thread.java:748) [?:1.8.0_301]
[2021-12-30T01:35:08,630][WARN ][r.suppressed             ] path: /data/_search, params: {index=data}
org.elasticsearch.action.search.SearchPhaseExecutionException: all shards failed
	at org.elasticsearch.action.search.AbstractSearchAsyncAction.onFirstPhaseResult(AbstractSearchAsyncAction.java:208) ~[elasticsearch-5.2.0.jar:5.2.0]
	at org.elasticsearch.action.search.AbstractSearchAsyncAction.start(AbstractSearchAsyncAction.java:115) ~[elasticsearch-5.2.0.jar:5.2.0]
	at org.elasticsearch.action.search.TransportSearchAction.doExecute(TransportSearchAction.java:154) ~[elasticsearch-5.2.0.jar:5.2.0]
	at org.elasticsearch.action.search.TransportSearchAction.doExecute(TransportSearchAction.java:53) ~[elasticsearch-5.2.0.jar:5.2.0]
	at org.elasticsearch.action.support.TransportAction$RequestFilterChain.proceed(TransportAction.java:173) ~[elasticsearch-5.2.0.jar:5.2.0]
	at org.elasticsearch.action.support.TransportAction.execute(TransportAction.java:145) ~[elasticsearch-5.2.0.jar:5.2.0]
	at org.elasticsearch.action.support.TransportAction.execute(TransportAction.java:87) ~[elasticsearch-5.2.0.jar:5.2.0]
	at org.elasticsearch.client.node.NodeClient.executeLocally(NodeClient.java:75) ~[elasticsearch-5.2.0.jar:5.2.0]
	at org.elasticsearch.client.node.NodeClient.doExecute(NodeClient.java:64) ~[elasticsearch-5.2.0.jar:5.2.0]
	at org.elasticsearch.client.support.AbstractClient.execute(AbstractClient.java:403) ~[elasticsearch-5.2.0.jar:5.2.0]
	at org.elasticsearch.client.support.AbstractClient.search(AbstractClient.java:530) ~[elasticsearch-5.2.0.jar:5.2.0]
	at org.elasticsearch.rest.action.search.RestSearchAction.lambda$prepareRequest$1(RestSearchAction.java:81) ~[elasticsearch-5.2.0.jar:5.2.0]
	at org.elasticsearch.rest.BaseRestHandler.handleRequest(BaseRestHandler.java:82) [elasticsearch-5.2.0.jar:5.2.0]
	at org.elasticsearch.rest.RestController.dispatchRequest(RestController.java:162) [elasticsearch-5.2.0.jar:5.2.0]
	at org.elasticsearch.http.HttpServer.dispatchRequest(HttpServer.java:115) [elasticsearch-5.2.0.jar:5.2.0]
	at org.elasticsearch.http.netty4.Netty4HttpServerTransport.dispatchRequest(Netty4HttpServerTransport.java:515) [transport-netty4-5.2.0.jar:5.2.0]
	at org.elasticsearch.http.netty4.Netty4HttpRequestHandler.channelRead0(Netty4HttpRequestHandler.java:70) [transport-netty4-5.2.0.jar:5.2.0]
	at io.netty.channel.SimpleChannelInboundHandler.channelRead(SimpleChannelInboundHandler.java:105) [netty-transport-4.1.7.Final.jar:4.1.7.Final]
	at io.netty.channel.AbstractChannelHandlerContext.invokeChannelRead(AbstractChannelHandlerContext.java:363) [netty-transport-4.1.7.Final.jar:4.1.7.Final]
	at io.netty.channel.AbstractChannelHandlerContext.invokeChannelRead(AbstractChannelHandlerContext.java:349) [netty-transport-4.1.7.Final.jar:4.1.7.Final]
	at io.netty.channel.AbstractChannelHandlerContext.fireChannelRead(AbstractChannelHandlerContext.java:341) [netty-transport-4.1.7.Final.jar:4.1.7.Final]
	at org.elasticsearch.http.netty4.pipelining.HttpPipeliningHandler.channelRead(HttpPipeliningHandler.java:66) [transport-netty4-5.2.0.jar:5.2.0]
	at io.netty.channel.AbstractChannelHandlerContext.invokeChannelRead(AbstractChannelHandlerContext.java:363) [netty-transport-4.1.7.Final.jar:4.1.7.Final]
	at io.netty.channel.AbstractChannelHandlerContext.invokeChannelRead(AbstractChannelHandlerContext.java:349) [netty-transport-4.1.7.Final.jar:4.1.7.Final]
	at io.netty.channel.AbstractChannelHandlerContext.fireChannelRead(AbstractChannelHandlerContext.java:341) [netty-transport-4.1.7.Final.jar:4.1.7.Final]
	at io.netty.handler.codec.MessageToMessageDecoder.channelRead(MessageToMessageDecoder.java:102) [netty-codec-4.1.7.Final.jar:4.1.7.Final]
	at io.netty.handler.codec.MessageToMessageCodec.channelRead(MessageToMessageCodec.java:111) [netty-codec-4.1.7.Final.jar:4.1.7.Final]
	at io.netty.channel.AbstractChannelHandlerContext.invokeChannelRead(AbstractChannelHandlerContext.java:363) [netty-transport-4.1.7.Final.jar:4.1.7.Final]
	at io.netty.channel.AbstractChannelHandlerContext.invokeChannelRead(AbstractChannelHandlerContext.java:349) [netty-transport-4.1.7.Final.jar:4.1.7.Final]
	at io.netty.channel.AbstractChannelHandlerContext.fireChannelRead(AbstractChannelHandlerContext.java:341) [netty-transport-4.1.7.Final.jar:4.1.7.Final]
	at io.netty.handler.codec.MessageToMessageDecoder.channelRead(MessageToMessageDecoder.java:102) [netty-codec-4.1.7.Final.jar:4.1.7.Final]
	at io.netty.channel.AbstractChannelHandlerContext.invokeChannelRead(AbstractChannelHandlerContext.java:363) [netty-transport-4.1.7.Final.jar:4.1.7.Final]
	at io.netty.channel.AbstractChannelHandlerContext.invokeChannelRead(AbstractChannelHandlerContext.java:349) [netty-transport-4.1.7.Final.jar:4.1.7.Final]
	at io.netty.channel.AbstractChannelHandlerContext.fireChannelRead(AbstractChannelHandlerContext.java:341) [netty-transport-4.1.7.Final.jar:4.1.7.Final]
	at io.netty.handler.codec.MessageToMessageDecoder.channelRead(MessageToMessageDecoder.java:102) [netty-codec-4.1.7.Final.jar:4.1.7.Final]
	at io.netty.channel.AbstractChannelHandlerContext.invokeChannelRead(AbstractChannelHandlerContext.java:363) [netty-transport-4.1.7.Final.jar:4.1.7.Final]
	at io.netty.channel.AbstractChannelHandlerContext.invokeChannelRead(AbstractChannelHandlerContext.java:349) [netty-transport-4.1.7.Final.jar:4.1.7.Final]
	at io.netty.channel.AbstractChannelHandlerContext.fireChannelRead(AbstractChannelHandlerContext.java:341) [netty-transport-4.1.7.Final.jar:4.1.7.Final]
	at io.netty.handler.codec.ByteToMessageDecoder.fireChannelRead(ByteToMessageDecoder.java:293) [netty-codec-4.1.7.Final.jar:4.1.7.Final]
	at io.netty.handler.codec.ByteToMessageDecoder.channelRead(ByteToMessageDecoder.java:267) [netty-codec-4.1.7.Final.jar:4.1.7.Final]
	at io.netty.channel.AbstractChannelHandlerContext.invokeChannelRead(AbstractChannelHandlerContext.java:363) [netty-transport-4.1.7.Final.jar:4.1.7.Final]
	at io.netty.channel.AbstractChannelHandlerContext.invokeChannelRead(AbstractChannelHandlerContext.java:349) [netty-transport-4.1.7.Final.jar:4.1.7.Final]
	at io.netty.channel.AbstractChannelHandlerContext.fireChannelRead(AbstractChannelHandlerContext.java:341) [netty-transport-4.1.7.Final.jar:4.1.7.Final]
	at io.netty.channel.ChannelInboundHandlerAdapter.channelRead(ChannelInboundHandlerAdapter.java:86) [netty-transport-4.1.7.Final.jar:4.1.7.Final]
	at io.netty.channel.AbstractChannelHandlerContext.invokeChannelRead(AbstractChannelHandlerContext.java:363) [netty-transport-4.1.7.Final.jar:4.1.7.Final]
	at io.netty.channel.AbstractChannelHandlerContext.invokeChannelRead(AbstractChannelHandlerContext.java:349) [netty-transport-4.1.7.Final.jar:4.1.7.Final]
	at io.netty.channel.AbstractChannelHandlerContext.fireChannelRead(AbstractChannelHandlerContext.java:341) [netty-transport-4.1.7.Final.jar:4.1.7.Final]
	at io.netty.channel.DefaultChannelPipeline$HeadContext.channelRead(DefaultChannelPipeline.java:1334) [netty-transport-4.1.7.Final.jar:4.1.7.Final]
	at io.netty.channel.AbstractChannelHandlerContext.invokeChannelRead(AbstractChannelHandlerContext.java:363) [netty-transport-4.1.7.Final.jar:4.1.7.Final]
	at io.netty.channel.AbstractChannelHandlerContext.invokeChannelRead(AbstractChannelHandlerContext.java:349) [netty-transport-4.1.7.Final.jar:4.1.7.Final]
	at io.netty.channel.DefaultChannelPipeline.fireChannelRead(DefaultChannelPipeline.java:926) [netty-transport-4.1.7.Final.jar:4.1.7.Final]
	at io.netty.channel.nio.AbstractNioByteChannel$NioByteUnsafe.read(AbstractNioByteChannel.java:129) [netty-transport-4.1.7.Final.jar:4.1.7.Final]
	at io.netty.channel.nio.NioEventLoop.processSelectedKey(NioEventLoop.java:642) [netty-transport-4.1.7.Final.jar:4.1.7.Final]
	at io.netty.channel.nio.NioEventLoop.processSelectedKeysPlain(NioEventLoop.java:527) [netty-transport-4.1.7.Final.jar:4.1.7.Final]
	at io.netty.channel.nio.NioEventLoop.processSelectedKeys(NioEventLoop.java:481) [netty-transport-4.1.7.Final.jar:4.1.7.Final]
	at io.netty.channel.nio.NioEventLoop.run(NioEventLoop.java:441) [netty-transport-4.1.7.Final.jar:4.1.7.Final]
	at io.netty.util.concurrent.SingleThreadEventExecutor$5.run(SingleThreadEventExecutor.java:858) [netty-common-4.1.7.Final.jar:4.1.7.Final]
	at java.lang.Thread.run(Thread.java:748) [?:1.8.0_301]
Caused by: org.elasticsearch.action.NoShardAvailableActionException
	... 57 more
[2021-12-30T01:35:09,036][INFO ][o.e.h.HttpServer         ] [m45SoXP] publish_address {127.0.0.1:9200}, bound_addresses {127.0.0.1:9200}, {[::1]:9200}
[2021-12-30T01:35:09,037][INFO ][o.e.n.Node               ] [m45SoXP] started
[2021-12-30T01:35:10,972][INFO ][o.e.c.r.a.AllocationService] [m45SoXP] Cluster health status changed from [RED] to [YELLOW] (reason: [shards started [[info][3], [info][2]] ...]).
[2021-12-30T02:03:49,304][INFO ][o.e.b.Bootstrap          ] running graceful exit on windows
[2021-12-30T02:03:49,305][INFO ][o.e.n.Node               ] [m45SoXP] stopping ...
[2021-12-30T02:03:49,329][INFO ][o.e.n.Node               ] [m45SoXP] stopped
[2021-12-30T02:03:49,329][INFO ][o.e.n.Node               ] [m45SoXP] closing ...
[2021-12-30T02:03:49,444][INFO ][o.e.n.Node               ] [m45SoXP] closed
[2021-12-30T02:07:07,033][INFO ][o.e.n.Node               ] [] initializing ...
[2021-12-30T02:07:07,474][INFO ][o.e.e.NodeEnvironment    ] [m45SoXP] using [1] data paths, mounts [[Data (D:)]], net usable_space [632.1gb], net total_space [931.4gb], spins? [unknown], types [NTFS]
[2021-12-30T02:07:07,475][INFO ][o.e.e.NodeEnvironment    ] [m45SoXP] heap size [1.9gb], compressed ordinary object pointers [true]
[2021-12-30T02:07:07,586][INFO ][o.e.n.Node               ] node name [m45SoXP] derived from node ID [m45SoXPQRoeOf2XUI9m7nQ]; set [node.name] to override
[2021-12-30T02:07:07,595][INFO ][o.e.n.Node               ] version[5.2.0], pid[8908], build[24e05b9/2017-01-24T19:52:35.800Z], OS[Windows 10/10.0/amd64], JVM[Oracle Corporation/Java HotSpot(TM) 64-Bit Server VM/1.8.0_301/25.301-b09]
[2021-12-30T02:07:12,032][INFO ][o.e.p.PluginsService     ] [m45SoXP] loaded module [aggs-matrix-stats]
[2021-12-30T02:07:12,032][INFO ][o.e.p.PluginsService     ] [m45SoXP] loaded module [ingest-common]
[2021-12-30T02:07:12,032][INFO ][o.e.p.PluginsService     ] [m45SoXP] loaded module [lang-expression]
[2021-12-30T02:07:12,033][INFO ][o.e.p.PluginsService     ] [m45SoXP] loaded module [lang-groovy]
[2021-12-30T02:07:12,033][INFO ][o.e.p.PluginsService     ] [m45SoXP] loaded module [lang-mustache]
[2021-12-30T02:07:12,033][INFO ][o.e.p.PluginsService     ] [m45SoXP] loaded module [lang-painless]
[2021-12-30T02:07:12,033][INFO ][o.e.p.PluginsService     ] [m45SoXP] loaded module [percolator]
[2021-12-30T02:07:12,033][INFO ][o.e.p.PluginsService     ] [m45SoXP] loaded module [reindex]
[2021-12-30T02:07:12,033][INFO ][o.e.p.PluginsService     ] [m45SoXP] loaded module [transport-netty3]
[2021-12-30T02:07:12,034][INFO ][o.e.p.PluginsService     ] [m45SoXP] loaded module [transport-netty4]
[2021-12-30T02:07:12,035][INFO ][o.e.p.PluginsService     ] [m45SoXP] loaded plugin [analysis-ik]
[2021-12-30T02:07:17,407][INFO ][o.e.n.Node               ] initialized
[2021-12-30T02:07:17,408][INFO ][o.e.n.Node               ] [m45SoXP] starting ...
[2021-12-30T02:07:20,140][INFO ][o.e.t.TransportService   ] [m45SoXP] publish_address {127.0.0.1:9300}, bound_addresses {127.0.0.1:9300}, {[::1]:9300}
[2021-12-30T02:07:23,207][INFO ][o.e.c.s.ClusterService   ] [m45SoXP] new_master {m45SoXP}{m45SoXPQRoeOf2XUI9m7nQ}{UJ6-I3yBS0mBJbZyzRkzuw}{127.0.0.1}{127.0.0.1:9300}, reason: zen-disco-elected-as-master ([0] nodes joined)
[2021-12-30T02:07:23,375][INFO ][o.w.a.d.Monitor          ] try load config from D:\sm-bighw\-\deepsearch\elasticsearch-5.2.0\config\analysis-ik\IKAnalyzer.cfg.xml
[2021-12-30T02:07:23,378][INFO ][o.w.a.d.Monitor          ] try load config from D:\sm-bighw\-\deepsearch\elasticsearch-5.2.0\plugins\ik\config\IKAnalyzer.cfg.xml
[2021-12-30T02:07:23,730][INFO ][o.w.a.d.Monitor          ] [Dict Loading] custom\mydict.dic
[2021-12-30T02:07:23,732][INFO ][o.w.a.d.Monitor          ] [Dict Loading] custom\single_word_low_freq.dic
[2021-12-30T02:07:23,799][INFO ][o.w.a.d.Monitor          ] [Dict Loading] custom\ext_stopword.dic
[2021-12-30T02:07:24,172][INFO ][o.e.g.GatewayService     ] [m45SoXP] recovered [2] indices into cluster_state
[2021-12-30T02:07:24,769][DEBUG][o.e.a.s.TransportSearchAction] [m45SoXP] All shards failed for phase: [query]
org.elasticsearch.transport.RemoteTransportException: [m45SoXP][127.0.0.1:9300][indices:data/read/search[phase/query]]
Caused by: org.elasticsearch.index.shard.IllegalIndexShardStateException: CurrentState[RECOVERING] operations only allowed when shard state is one of [POST_RECOVERY, STARTED, RELOCATED]
	at org.elasticsearch.index.shard.IndexShard.readAllowed(IndexShard.java:1102) ~[elasticsearch-5.2.0.jar:5.2.0]
	at org.elasticsearch.index.shard.IndexShard.acquireSearcher(IndexShard.java:895) ~[elasticsearch-5.2.0.jar:5.2.0]
	at org.elasticsearch.search.SearchService.createSearchContext(SearchService.java:575) ~[elasticsearch-5.2.0.jar:5.2.0]
	at org.elasticsearch.search.SearchService.createContext(SearchService.java:534) ~[elasticsearch-5.2.0.jar:5.2.0]
	at org.elasticsearch.search.SearchService.createAndPutContext(SearchService.java:516) ~[elasticsearch-5.2.0.jar:5.2.0]
	at org.elasticsearch.search.SearchService.executeQueryPhase(SearchService.java:251) ~[elasticsearch-5.2.0.jar:5.2.0]
	at org.elasticsearch.action.search.SearchTransportService$6.messageReceived(SearchTransportService.java:298) ~[elasticsearch-5.2.0.jar:5.2.0]
	at org.elasticsearch.action.search.SearchTransportService$6.messageReceived(SearchTransportService.java:295) ~[elasticsearch-5.2.0.jar:5.2.0]
	at org.elasticsearch.transport.RequestHandlerRegistry.processMessageReceived(RequestHandlerRegistry.java:69) ~[elasticsearch-5.2.0.jar:5.2.0]
	at org.elasticsearch.transport.TransportService$7.doRun(TransportService.java:610) [elasticsearch-5.2.0.jar:5.2.0]
	at org.elasticsearch.common.util.concurrent.ThreadContext$ContextPreservingAbstractRunnable.doRun(ThreadContext.java:596) [elasticsearch-5.2.0.jar:5.2.0]
	at org.elasticsearch.common.util.concurrent.AbstractRunnable.run(AbstractRunnable.java:37) [elasticsearch-5.2.0.jar:5.2.0]
	at java.util.concurrent.ThreadPoolExecutor.runWorker(ThreadPoolExecutor.java:1149) [?:1.8.0_301]
	at java.util.concurrent.ThreadPoolExecutor$Worker.run(ThreadPoolExecutor.java:624) [?:1.8.0_301]
	at java.lang.Thread.run(Thread.java:748) [?:1.8.0_301]
[2021-12-30T02:07:24,856][WARN ][r.suppressed             ] path: /data/_search, params: {index=data}
org.elasticsearch.action.search.SearchPhaseExecutionException: all shards failed
	at org.elasticsearch.action.search.AbstractSearchAsyncAction.onFirstPhaseResult(AbstractSearchAsyncAction.java:208) [elasticsearch-5.2.0.jar:5.2.0]
	at org.elasticsearch.action.search.AbstractSearchAsyncAction.access$100(AbstractSearchAsyncAction.java:52) [elasticsearch-5.2.0.jar:5.2.0]
	at org.elasticsearch.action.search.AbstractSearchAsyncAction$1.onFailure(AbstractSearchAsyncAction.java:143) [elasticsearch-5.2.0.jar:5.2.0]
	at org.elasticsearch.action.ActionListenerResponseHandler.handleException(ActionListenerResponseHandler.java:51) [elasticsearch-5.2.0.jar:5.2.0]
	at org.elasticsearch.transport.TransportService$ContextRestoreResponseHandler.handleException(TransportService.java:1024) [elasticsearch-5.2.0.jar:5.2.0]
	at org.elasticsearch.transport.TransportService$DirectResponseChannel.processException(TransportService.java:1126) [elasticsearch-5.2.0.jar:5.2.0]
	at org.elasticsearch.transport.TransportService$DirectResponseChannel.sendResponse(TransportService.java:1104) [elasticsearch-5.2.0.jar:5.2.0]
	at org.elasticsearch.transport.TransportService$7.onFailure(TransportService.java:621) [elasticsearch-5.2.0.jar:5.2.0]
	at org.elasticsearch.common.util.concurrent.ThreadContext$ContextPreservingAbstractRunnable.onFailure(ThreadContext.java:581) [elasticsearch-5.2.0.jar:5.2.0]
	at org.elasticsearch.common.util.concurrent.AbstractRunnable.run(AbstractRunnable.java:39) [elasticsearch-5.2.0.jar:5.2.0]
	at java.util.concurrent.ThreadPoolExecutor.runWorker(ThreadPoolExecutor.java:1149) [?:1.8.0_301]
	at java.util.concurrent.ThreadPoolExecutor$Worker.run(ThreadPoolExecutor.java:624) [?:1.8.0_301]
	at java.lang.Thread.run(Thread.java:748) [?:1.8.0_301]
Caused by: org.elasticsearch.transport.RemoteTransportException: [m45SoXP][127.0.0.1:9300][indices:data/read/search[phase/query]]
Caused by: org.elasticsearch.index.shard.IllegalIndexShardStateException: CurrentState[RECOVERING] operations only allowed when shard state is one of [POST_RECOVERY, STARTED, RELOCATED]
	at org.elasticsearch.index.shard.IndexShard.readAllowed(IndexShard.java:1102) ~[elasticsearch-5.2.0.jar:5.2.0]
	at org.elasticsearch.index.shard.IndexShard.acquireSearcher(IndexShard.java:895) ~[elasticsearch-5.2.0.jar:5.2.0]
	at org.elasticsearch.search.SearchService.createSearchContext(SearchService.java:575) ~[elasticsearch-5.2.0.jar:5.2.0]
	at org.elasticsearch.search.SearchService.createContext(SearchService.java:534) ~[elasticsearch-5.2.0.jar:5.2.0]
	at org.elasticsearch.search.SearchService.createAndPutContext(SearchService.java:516) ~[elasticsearch-5.2.0.jar:5.2.0]
	at org.elasticsearch.search.SearchService.executeQueryPhase(SearchService.java:251) ~[elasticsearch-5.2.0.jar:5.2.0]
	at org.elasticsearch.action.search.SearchTransportService$6.messageReceived(SearchTransportService.java:298) ~[elasticsearch-5.2.0.jar:5.2.0]
	at org.elasticsearch.action.search.SearchTransportService$6.messageReceived(SearchTransportService.java:295) ~[elasticsearch-5.2.0.jar:5.2.0]
	at org.elasticsearch.transport.RequestHandlerRegistry.processMessageReceived(RequestHandlerRegistry.java:69) ~[elasticsearch-5.2.0.jar:5.2.0]
	at org.elasticsearch.transport.TransportService$7.doRun(TransportService.java:610) ~[elasticsearch-5.2.0.jar:5.2.0]
	at org.elasticsearch.common.util.concurrent.ThreadContext$ContextPreservingAbstractRunnable.doRun(ThreadContext.java:596) ~[elasticsearch-5.2.0.jar:5.2.0]
	at org.elasticsearch.common.util.concurrent.AbstractRunnable.run(AbstractRunnable.java:37) ~[elasticsearch-5.2.0.jar:5.2.0]
	... 3 more
[2021-12-30T02:07:24,930][DEBUG][o.e.a.s.TransportSearchAction] [m45SoXP] All shards failed for phase: [query]
org.elasticsearch.transport.RemoteTransportException: [m45SoXP][127.0.0.1:9300][indices:data/read/search[phase/query]]
Caused by: org.elasticsearch.index.shard.IllegalIndexShardStateException: CurrentState[RECOVERING] operations only allowed when shard state is one of [POST_RECOVERY, STARTED, RELOCATED]
	at org.elasticsearch.index.shard.IndexShard.readAllowed(IndexShard.java:1102) ~[elasticsearch-5.2.0.jar:5.2.0]
	at org.elasticsearch.index.shard.IndexShard.acquireSearcher(IndexShard.java:895) ~[elasticsearch-5.2.0.jar:5.2.0]
	at org.elasticsearch.search.SearchService.createSearchContext(SearchService.java:575) ~[elasticsearch-5.2.0.jar:5.2.0]
	at org.elasticsearch.search.SearchService.createContext(SearchService.java:534) ~[elasticsearch-5.2.0.jar:5.2.0]
	at org.elasticsearch.search.SearchService.createAndPutContext(SearchService.java:516) ~[elasticsearch-5.2.0.jar:5.2.0]
	at org.elasticsearch.search.SearchService.executeQueryPhase(SearchService.java:251) ~[elasticsearch-5.2.0.jar:5.2.0]
	at org.elasticsearch.action.search.SearchTransportService$6.messageReceived(SearchTransportService.java:298) ~[elasticsearch-5.2.0.jar:5.2.0]
	at org.elasticsearch.action.search.SearchTransportService$6.messageReceived(SearchTransportService.java:295) ~[elasticsearch-5.2.0.jar:5.2.0]
	at org.elasticsearch.transport.RequestHandlerRegistry.processMessageReceived(RequestHandlerRegistry.java:69) ~[elasticsearch-5.2.0.jar:5.2.0]
	at org.elasticsearch.transport.TransportService$7.doRun(TransportService.java:610) [elasticsearch-5.2.0.jar:5.2.0]
	at org.elasticsearch.common.util.concurrent.ThreadContext$ContextPreservingAbstractRunnable.doRun(ThreadContext.java:596) [elasticsearch-5.2.0.jar:5.2.0]
	at org.elasticsearch.common.util.concurrent.AbstractRunnable.run(AbstractRunnable.java:37) [elasticsearch-5.2.0.jar:5.2.0]
	at java.util.concurrent.ThreadPoolExecutor.runWorker(ThreadPoolExecutor.java:1149) [?:1.8.0_301]
	at java.util.concurrent.ThreadPoolExecutor$Worker.run(ThreadPoolExecutor.java:624) [?:1.8.0_301]
	at java.lang.Thread.run(Thread.java:748) [?:1.8.0_301]
[2021-12-30T02:07:24,932][WARN ][r.suppressed             ] path: /data/_search, params: {index=data}
org.elasticsearch.action.search.SearchPhaseExecutionException: all shards failed
	at org.elasticsearch.action.search.AbstractSearchAsyncAction.onFirstPhaseResult(AbstractSearchAsyncAction.java:208) [elasticsearch-5.2.0.jar:5.2.0]
	at org.elasticsearch.action.search.AbstractSearchAsyncAction.access$100(AbstractSearchAsyncAction.java:52) [elasticsearch-5.2.0.jar:5.2.0]
	at org.elasticsearch.action.search.AbstractSearchAsyncAction$1.onFailure(AbstractSearchAsyncAction.java:143) [elasticsearch-5.2.0.jar:5.2.0]
	at org.elasticsearch.action.ActionListenerResponseHandler.handleException(ActionListenerResponseHandler.java:51) [elasticsearch-5.2.0.jar:5.2.0]
	at org.elasticsearch.transport.TransportService$ContextRestoreResponseHandler.handleException(TransportService.java:1024) [elasticsearch-5.2.0.jar:5.2.0]
	at org.elasticsearch.transport.TransportService$DirectResponseChannel.processException(TransportService.java:1126) [elasticsearch-5.2.0.jar:5.2.0]
	at org.elasticsearch.transport.TransportService$DirectResponseChannel.sendResponse(TransportService.java:1104) [elasticsearch-5.2.0.jar:5.2.0]
	at org.elasticsearch.transport.TransportService$7.onFailure(TransportService.java:621) [elasticsearch-5.2.0.jar:5.2.0]
	at org.elasticsearch.common.util.concurrent.ThreadContext$ContextPreservingAbstractRunnable.onFailure(ThreadContext.java:581) [elasticsearch-5.2.0.jar:5.2.0]
	at org.elasticsearch.common.util.concurrent.AbstractRunnable.run(AbstractRunnable.java:39) [elasticsearch-5.2.0.jar:5.2.0]
	at java.util.concurrent.ThreadPoolExecutor.runWorker(ThreadPoolExecutor.java:1149) [?:1.8.0_301]
	at java.util.concurrent.ThreadPoolExecutor$Worker.run(ThreadPoolExecutor.java:624) [?:1.8.0_301]
	at java.lang.Thread.run(Thread.java:748) [?:1.8.0_301]
Caused by: org.elasticsearch.transport.RemoteTransportException: [m45SoXP][127.0.0.1:9300][indices:data/read/search[phase/query]]
Caused by: org.elasticsearch.index.shard.IllegalIndexShardStateException: CurrentState[RECOVERING] operations only allowed when shard state is one of [POST_RECOVERY, STARTED, RELOCATED]
	at org.elasticsearch.index.shard.IndexShard.readAllowed(IndexShard.java:1102) ~[elasticsearch-5.2.0.jar:5.2.0]
	at org.elasticsearch.index.shard.IndexShard.acquireSearcher(IndexShard.java:895) ~[elasticsearch-5.2.0.jar:5.2.0]
	at org.elasticsearch.search.SearchService.createSearchContext(SearchService.java:575) ~[elasticsearch-5.2.0.jar:5.2.0]
	at org.elasticsearch.search.SearchService.createContext(SearchService.java:534) ~[elasticsearch-5.2.0.jar:5.2.0]
	at org.elasticsearch.search.SearchService.createAndPutContext(SearchService.java:516) ~[elasticsearch-5.2.0.jar:5.2.0]
	at org.elasticsearch.search.SearchService.executeQueryPhase(SearchService.java:251) ~[elasticsearch-5.2.0.jar:5.2.0]
	at org.elasticsearch.action.search.SearchTransportService$6.messageReceived(SearchTransportService.java:298) ~[elasticsearch-5.2.0.jar:5.2.0]
	at org.elasticsearch.action.search.SearchTransportService$6.messageReceived(SearchTransportService.java:295) ~[elasticsearch-5.2.0.jar:5.2.0]
	at org.elasticsearch.transport.RequestHandlerRegistry.processMessageReceived(RequestHandlerRegistry.java:69) ~[elasticsearch-5.2.0.jar:5.2.0]
	at org.elasticsearch.transport.TransportService$7.doRun(TransportService.java:610) ~[elasticsearch-5.2.0.jar:5.2.0]
	at org.elasticsearch.common.util.concurrent.ThreadContext$ContextPreservingAbstractRunnable.doRun(ThreadContext.java:596) ~[elasticsearch-5.2.0.jar:5.2.0]
	at org.elasticsearch.common.util.concurrent.AbstractRunnable.run(AbstractRunnable.java:37) ~[elasticsearch-5.2.0.jar:5.2.0]
	... 3 more
[2021-12-30T02:07:24,940][DEBUG][o.e.a.s.TransportSearchAction] [m45SoXP] All shards failed for phase: [query]
org.elasticsearch.transport.RemoteTransportException: [m45SoXP][127.0.0.1:9300][indices:data/read/search[phase/query]]
Caused by: org.elasticsearch.index.shard.IllegalIndexShardStateException: CurrentState[RECOVERING] operations only allowed when shard state is one of [POST_RECOVERY, STARTED, RELOCATED]
	at org.elasticsearch.index.shard.IndexShard.readAllowed(IndexShard.java:1102) ~[elasticsearch-5.2.0.jar:5.2.0]
	at org.elasticsearch.index.shard.IndexShard.acquireSearcher(IndexShard.java:895) ~[elasticsearch-5.2.0.jar:5.2.0]
	at org.elasticsearch.search.SearchService.createSearchContext(SearchService.java:575) ~[elasticsearch-5.2.0.jar:5.2.0]
	at org.elasticsearch.search.SearchService.createContext(SearchService.java:534) ~[elasticsearch-5.2.0.jar:5.2.0]
	at org.elasticsearch.search.SearchService.createAndPutContext(SearchService.java:516) ~[elasticsearch-5.2.0.jar:5.2.0]
	at org.elasticsearch.search.SearchService.executeQueryPhase(SearchService.java:251) ~[elasticsearch-5.2.0.jar:5.2.0]
	at org.elasticsearch.action.search.SearchTransportService$6.messageReceived(SearchTransportService.java:298) ~[elasticsearch-5.2.0.jar:5.2.0]
	at org.elasticsearch.action.search.SearchTransportService$6.messageReceived(SearchTransportService.java:295) ~[elasticsearch-5.2.0.jar:5.2.0]
	at org.elasticsearch.transport.RequestHandlerRegistry.processMessageReceived(RequestHandlerRegistry.java:69) ~[elasticsearch-5.2.0.jar:5.2.0]
	at org.elasticsearch.transport.TransportService$7.doRun(TransportService.java:610) [elasticsearch-5.2.0.jar:5.2.0]
	at org.elasticsearch.common.util.concurrent.ThreadContext$ContextPreservingAbstractRunnable.doRun(ThreadContext.java:596) [elasticsearch-5.2.0.jar:5.2.0]
	at org.elasticsearch.common.util.concurrent.AbstractRunnable.run(AbstractRunnable.java:37) [elasticsearch-5.2.0.jar:5.2.0]
	at java.util.concurrent.ThreadPoolExecutor.runWorker(ThreadPoolExecutor.java:1149) [?:1.8.0_301]
	at java.util.concurrent.ThreadPoolExecutor$Worker.run(ThreadPoolExecutor.java:624) [?:1.8.0_301]
	at java.lang.Thread.run(Thread.java:748) [?:1.8.0_301]
[2021-12-30T02:07:24,941][WARN ][r.suppressed             ] path: /data/_search, params: {index=data}
org.elasticsearch.action.search.SearchPhaseExecutionException: all shards failed
	at org.elasticsearch.action.search.AbstractSearchAsyncAction.onFirstPhaseResult(AbstractSearchAsyncAction.java:208) [elasticsearch-5.2.0.jar:5.2.0]
	at org.elasticsearch.action.search.AbstractSearchAsyncAction.access$100(AbstractSearchAsyncAction.java:52) [elasticsearch-5.2.0.jar:5.2.0]
	at org.elasticsearch.action.search.AbstractSearchAsyncAction$1.onFailure(AbstractSearchAsyncAction.java:143) [elasticsearch-5.2.0.jar:5.2.0]
	at org.elasticsearch.action.ActionListenerResponseHandler.handleException(ActionListenerResponseHandler.java:51) [elasticsearch-5.2.0.jar:5.2.0]
	at org.elasticsearch.transport.TransportService$ContextRestoreResponseHandler.handleException(TransportService.java:1024) [elasticsearch-5.2.0.jar:5.2.0]
	at org.elasticsearch.transport.TransportService$DirectResponseChannel.processException(TransportService.java:1126) [elasticsearch-5.2.0.jar:5.2.0]
	at org.elasticsearch.transport.TransportService$DirectResponseChannel.sendResponse(TransportService.java:1104) [elasticsearch-5.2.0.jar:5.2.0]
	at org.elasticsearch.transport.TransportService$7.onFailure(TransportService.java:621) [elasticsearch-5.2.0.jar:5.2.0]
	at org.elasticsearch.common.util.concurrent.ThreadContext$ContextPreservingAbstractRunnable.onFailure(ThreadContext.java:581) [elasticsearch-5.2.0.jar:5.2.0]
	at org.elasticsearch.common.util.concurrent.AbstractRunnable.run(AbstractRunnable.java:39) [elasticsearch-5.2.0.jar:5.2.0]
	at java.util.concurrent.ThreadPoolExecutor.runWorker(ThreadPoolExecutor.java:1149) [?:1.8.0_301]
	at java.util.concurrent.ThreadPoolExecutor$Worker.run(ThreadPoolExecutor.java:624) [?:1.8.0_301]
	at java.lang.Thread.run(Thread.java:748) [?:1.8.0_301]
Caused by: org.elasticsearch.transport.RemoteTransportException: [m45SoXP][127.0.0.1:9300][indices:data/read/search[phase/query]]
Caused by: org.elasticsearch.index.shard.IllegalIndexShardStateException: CurrentState[RECOVERING] operations only allowed when shard state is one of [POST_RECOVERY, STARTED, RELOCATED]
	at org.elasticsearch.index.shard.IndexShard.readAllowed(IndexShard.java:1102) ~[elasticsearch-5.2.0.jar:5.2.0]
	at org.elasticsearch.index.shard.IndexShard.acquireSearcher(IndexShard.java:895) ~[elasticsearch-5.2.0.jar:5.2.0]
	at org.elasticsearch.search.SearchService.createSearchContext(SearchService.java:575) ~[elasticsearch-5.2.0.jar:5.2.0]
	at org.elasticsearch.search.SearchService.createContext(SearchService.java:534) ~[elasticsearch-5.2.0.jar:5.2.0]
	at org.elasticsearch.search.SearchService.createAndPutContext(SearchService.java:516) ~[elasticsearch-5.2.0.jar:5.2.0]
	at org.elasticsearch.search.SearchService.executeQueryPhase(SearchService.java:251) ~[elasticsearch-5.2.0.jar:5.2.0]
	at org.elasticsearch.action.search.SearchTransportService$6.messageReceived(SearchTransportService.java:298) ~[elasticsearch-5.2.0.jar:5.2.0]
	at org.elasticsearch.action.search.SearchTransportService$6.messageReceived(SearchTransportService.java:295) ~[elasticsearch-5.2.0.jar:5.2.0]
	at org.elasticsearch.transport.RequestHandlerRegistry.processMessageReceived(RequestHandlerRegistry.java:69) ~[elasticsearch-5.2.0.jar:5.2.0]
	at org.elasticsearch.transport.TransportService$7.doRun(TransportService.java:610) ~[elasticsearch-5.2.0.jar:5.2.0]
	at org.elasticsearch.common.util.concurrent.ThreadContext$ContextPreservingAbstractRunnable.doRun(ThreadContext.java:596) ~[elasticsearch-5.2.0.jar:5.2.0]
	at org.elasticsearch.common.util.concurrent.AbstractRunnable.run(AbstractRunnable.java:37) ~[elasticsearch-5.2.0.jar:5.2.0]
	... 3 more
[2021-12-30T02:07:24,947][DEBUG][o.e.a.s.TransportSearchAction] [m45SoXP] All shards failed for phase: [query]
org.elasticsearch.transport.RemoteTransportException: [m45SoXP][127.0.0.1:9300][indices:data/read/search[phase/query]]
Caused by: org.elasticsearch.index.shard.IllegalIndexShardStateException: CurrentState[RECOVERING] operations only allowed when shard state is one of [POST_RECOVERY, STARTED, RELOCATED]
	at org.elasticsearch.index.shard.IndexShard.readAllowed(IndexShard.java:1102) ~[elasticsearch-5.2.0.jar:5.2.0]
	at org.elasticsearch.index.shard.IndexShard.acquireSearcher(IndexShard.java:895) ~[elasticsearch-5.2.0.jar:5.2.0]
	at org.elasticsearch.search.SearchService.createSearchContext(SearchService.java:575) ~[elasticsearch-5.2.0.jar:5.2.0]
	at org.elasticsearch.search.SearchService.createContext(SearchService.java:534) ~[elasticsearch-5.2.0.jar:5.2.0]
	at org.elasticsearch.search.SearchService.createAndPutContext(SearchService.java:516) ~[elasticsearch-5.2.0.jar:5.2.0]
	at org.elasticsearch.search.SearchService.executeQueryPhase(SearchService.java:251) ~[elasticsearch-5.2.0.jar:5.2.0]
	at org.elasticsearch.action.search.SearchTransportService$6.messageReceived(SearchTransportService.java:298) ~[elasticsearch-5.2.0.jar:5.2.0]
	at org.elasticsearch.action.search.SearchTransportService$6.messageReceived(SearchTransportService.java:295) ~[elasticsearch-5.2.0.jar:5.2.0]
	at org.elasticsearch.transport.RequestHandlerRegistry.processMessageReceived(RequestHandlerRegistry.java:69) ~[elasticsearch-5.2.0.jar:5.2.0]
	at org.elasticsearch.transport.TransportService$7.doRun(TransportService.java:610) [elasticsearch-5.2.0.jar:5.2.0]
	at org.elasticsearch.common.util.concurrent.ThreadContext$ContextPreservingAbstractRunnable.doRun(ThreadContext.java:596) [elasticsearch-5.2.0.jar:5.2.0]
	at org.elasticsearch.common.util.concurrent.AbstractRunnable.run(AbstractRunnable.java:37) [elasticsearch-5.2.0.jar:5.2.0]
	at java.util.concurrent.ThreadPoolExecutor.runWorker(ThreadPoolExecutor.java:1149) [?:1.8.0_301]
	at java.util.concurrent.ThreadPoolExecutor$Worker.run(ThreadPoolExecutor.java:624) [?:1.8.0_301]
	at java.lang.Thread.run(Thread.java:748) [?:1.8.0_301]
[2021-12-30T02:07:24,948][WARN ][r.suppressed             ] path: /data/_search, params: {index=data}
org.elasticsearch.action.search.SearchPhaseExecutionException: all shards failed
	at org.elasticsearch.action.search.AbstractSearchAsyncAction.onFirstPhaseResult(AbstractSearchAsyncAction.java:208) [elasticsearch-5.2.0.jar:5.2.0]
	at org.elasticsearch.action.search.AbstractSearchAsyncAction.access$100(AbstractSearchAsyncAction.java:52) [elasticsearch-5.2.0.jar:5.2.0]
	at org.elasticsearch.action.search.AbstractSearchAsyncAction$1.onFailure(AbstractSearchAsyncAction.java:143) [elasticsearch-5.2.0.jar:5.2.0]
	at org.elasticsearch.action.ActionListenerResponseHandler.handleException(ActionListenerResponseHandler.java:51) [elasticsearch-5.2.0.jar:5.2.0]
	at org.elasticsearch.transport.TransportService$ContextRestoreResponseHandler.handleException(TransportService.java:1024) [elasticsearch-5.2.0.jar:5.2.0]
	at org.elasticsearch.transport.TransportService$DirectResponseChannel.processException(TransportService.java:1126) [elasticsearch-5.2.0.jar:5.2.0]
	at org.elasticsearch.transport.TransportService$DirectResponseChannel.sendResponse(TransportService.java:1104) [elasticsearch-5.2.0.jar:5.2.0]
	at org.elasticsearch.transport.TransportService$7.onFailure(TransportService.java:621) [elasticsearch-5.2.0.jar:5.2.0]
	at org.elasticsearch.common.util.concurrent.ThreadContext$ContextPreservingAbstractRunnable.onFailure(ThreadContext.java:581) [elasticsearch-5.2.0.jar:5.2.0]
	at org.elasticsearch.common.util.concurrent.AbstractRunnable.run(AbstractRunnable.java:39) [elasticsearch-5.2.0.jar:5.2.0]
	at java.util.concurrent.ThreadPoolExecutor.runWorker(ThreadPoolExecutor.java:1149) [?:1.8.0_301]
	at java.util.concurrent.ThreadPoolExecutor$Worker.run(ThreadPoolExecutor.java:624) [?:1.8.0_301]
	at java.lang.Thread.run(Thread.java:748) [?:1.8.0_301]
Caused by: org.elasticsearch.transport.RemoteTransportException: [m45SoXP][127.0.0.1:9300][indices:data/read/search[phase/query]]
Caused by: org.elasticsearch.index.shard.IllegalIndexShardStateException: CurrentState[RECOVERING] operations only allowed when shard state is one of [POST_RECOVERY, STARTED, RELOCATED]
	at org.elasticsearch.index.shard.IndexShard.readAllowed(IndexShard.java:1102) ~[elasticsearch-5.2.0.jar:5.2.0]
	at org.elasticsearch.index.shard.IndexShard.acquireSearcher(IndexShard.java:895) ~[elasticsearch-5.2.0.jar:5.2.0]
	at org.elasticsearch.search.SearchService.createSearchContext(SearchService.java:575) ~[elasticsearch-5.2.0.jar:5.2.0]
	at org.elasticsearch.search.SearchService.createContext(SearchService.java:534) ~[elasticsearch-5.2.0.jar:5.2.0]
	at org.elasticsearch.search.SearchService.createAndPutContext(SearchService.java:516) ~[elasticsearch-5.2.0.jar:5.2.0]
	at org.elasticsearch.search.SearchService.executeQueryPhase(SearchService.java:251) ~[elasticsearch-5.2.0.jar:5.2.0]
	at org.elasticsearch.action.search.SearchTransportService$6.messageReceived(SearchTransportService.java:298) ~[elasticsearch-5.2.0.jar:5.2.0]
	at org.elasticsearch.action.search.SearchTransportService$6.messageReceived(SearchTransportService.java:295) ~[elasticsearch-5.2.0.jar:5.2.0]
	at org.elasticsearch.transport.RequestHandlerRegistry.processMessageReceived(RequestHandlerRegistry.java:69) ~[elasticsearch-5.2.0.jar:5.2.0]
	at org.elasticsearch.transport.TransportService$7.doRun(TransportService.java:610) ~[elasticsearch-5.2.0.jar:5.2.0]
	at org.elasticsearch.common.util.concurrent.ThreadContext$ContextPreservingAbstractRunnable.doRun(ThreadContext.java:596) ~[elasticsearch-5.2.0.jar:5.2.0]
	at org.elasticsearch.common.util.concurrent.AbstractRunnable.run(AbstractRunnable.java:37) ~[elasticsearch-5.2.0.jar:5.2.0]
	... 3 more
[2021-12-30T02:07:24,955][INFO ][o.e.h.HttpServer         ] [m45SoXP] publish_address {127.0.0.1:9200}, bound_addresses {127.0.0.1:9200}, {[::1]:9200}
[2021-12-30T02:07:24,956][INFO ][o.e.n.Node               ] [m45SoXP] started
[2021-12-30T02:07:26,915][INFO ][o.e.c.r.a.AllocationService] [m45SoXP] Cluster health status changed from [RED] to [YELLOW] (reason: [shards started [[info][0]] ...]).
[2021-12-30T02:11:41,648][WARN ][o.e.h.n.Netty4HttpServerTransport] [m45SoXP] caught exception while handling client http traffic, closing connection [id: 0xa9c19272, L:/127.0.0.1:9200 - R:/127.0.0.1:53673]
java.io.IOException: 
	at sun.nio.ch.SocketDispatcher.read0(Native Method) ~[?:?]
	at sun.nio.ch.SocketDispatcher.read(SocketDispatcher.java:43) ~[?:?]
	at sun.nio.ch.IOUtil.readIntoNativeBuffer(IOUtil.java:223) ~[?:?]
	at sun.nio.ch.IOUtil.read(IOUtil.java:197) ~[?:?]
	at sun.nio.ch.SocketChannelImpl.read(SocketChannelImpl.java:378) ~[?:?]
	at io.netty.buffer.PooledHeapByteBuf.setBytes(PooledHeapByteBuf.java:261) ~[netty-buffer-4.1.7.Final.jar:4.1.7.Final]
	at io.netty.buffer.AbstractByteBuf.writeBytes(AbstractByteBuf.java:1100) ~[netty-buffer-4.1.7.Final.jar:4.1.7.Final]
	at io.netty.buffer.WrappedByteBuf.writeBytes(WrappedByteBuf.java:813) ~[netty-buffer-4.1.7.Final.jar:4.1.7.Final]
	at io.netty.channel.socket.nio.NioSocketChannel.doReadBytes(NioSocketChannel.java:366) ~[netty-transport-4.1.7.Final.jar:4.1.7.Final]
	at io.netty.channel.nio.AbstractNioByteChannel$NioByteUnsafe.read(AbstractNioByteChannel.java:118) [netty-transport-4.1.7.Final.jar:4.1.7.Final]
	at io.netty.channel.nio.NioEventLoop.processSelectedKey(NioEventLoop.java:642) [netty-transport-4.1.7.Final.jar:4.1.7.Final]
	at io.netty.channel.nio.NioEventLoop.processSelectedKeysPlain(NioEventLoop.java:527) [netty-transport-4.1.7.Final.jar:4.1.7.Final]
	at io.netty.channel.nio.NioEventLoop.processSelectedKeys(NioEventLoop.java:481) [netty-transport-4.1.7.Final.jar:4.1.7.Final]
	at io.netty.channel.nio.NioEventLoop.run(NioEventLoop.java:441) [netty-transport-4.1.7.Final.jar:4.1.7.Final]
	at io.netty.util.concurrent.SingleThreadEventExecutor$5.run(SingleThreadEventExecutor.java:858) [netty-common-4.1.7.Final.jar:4.1.7.Final]
	at java.lang.Thread.run(Thread.java:748) [?:1.8.0_301]
[2021-12-30T02:11:41,648][WARN ][o.e.h.n.Netty4HttpServerTransport] [m45SoXP] caught exception while handling client http traffic, closing connection [id: 0xa4e9931d, L:/127.0.0.1:9200 - R:/127.0.0.1:53842]
java.io.IOException: 
	at sun.nio.ch.SocketDispatcher.read0(Native Method) ~[?:?]
	at sun.nio.ch.SocketDispatcher.read(SocketDispatcher.java:43) ~[?:?]
	at sun.nio.ch.IOUtil.readIntoNativeBuffer(IOUtil.java:223) ~[?:?]
	at sun.nio.ch.IOUtil.read(IOUtil.java:197) ~[?:?]
	at sun.nio.ch.SocketChannelImpl.read(SocketChannelImpl.java:378) ~[?:?]
	at io.netty.buffer.PooledHeapByteBuf.setBytes(PooledHeapByteBuf.java:261) ~[netty-buffer-4.1.7.Final.jar:4.1.7.Final]
	at io.netty.buffer.AbstractByteBuf.writeBytes(AbstractByteBuf.java:1100) ~[netty-buffer-4.1.7.Final.jar:4.1.7.Final]
	at io.netty.channel.socket.nio.NioSocketChannel.doReadBytes(NioSocketChannel.java:366) ~[netty-transport-4.1.7.Final.jar:4.1.7.Final]
	at io.netty.channel.nio.AbstractNioByteChannel$NioByteUnsafe.read(AbstractNioByteChannel.java:118) [netty-transport-4.1.7.Final.jar:4.1.7.Final]
	at io.netty.channel.nio.NioEventLoop.processSelectedKey(NioEventLoop.java:642) [netty-transport-4.1.7.Final.jar:4.1.7.Final]
	at io.netty.channel.nio.NioEventLoop.processSelectedKeysPlain(NioEventLoop.java:527) [netty-transport-4.1.7.Final.jar:4.1.7.Final]
	at io.netty.channel.nio.NioEventLoop.processSelectedKeys(NioEventLoop.java:481) [netty-transport-4.1.7.Final.jar:4.1.7.Final]
	at io.netty.channel.nio.NioEventLoop.run(NioEventLoop.java:441) [netty-transport-4.1.7.Final.jar:4.1.7.Final]
	at io.netty.util.concurrent.SingleThreadEventExecutor$5.run(SingleThreadEventExecutor.java:858) [netty-common-4.1.7.Final.jar:4.1.7.Final]
	at java.lang.Thread.run(Thread.java:748) [?:1.8.0_301]
[2021-12-30T02:11:43,181][INFO ][o.e.b.Bootstrap          ] running graceful exit on windows
[2021-12-30T02:11:43,181][INFO ][o.e.n.Node               ] [m45SoXP] stopping ...
[2021-12-30T02:11:43,469][INFO ][o.e.n.Node               ] [m45SoXP] stopped
[2021-12-30T02:11:43,469][INFO ][o.e.n.Node               ] [m45SoXP] closing ...
[2021-12-30T02:11:43,493][INFO ][o.e.n.Node               ] [m45SoXP] closed
[2021-12-30T09:34:08,981][INFO ][o.e.n.Node               ] [] initializing ...
[2021-12-30T09:34:10,142][INFO ][o.e.e.NodeEnvironment    ] [m45SoXP] using [1] data paths, mounts [[Data (D:)]], net usable_space [632.1gb], net total_space [931.4gb], spins? [unknown], types [NTFS]
[2021-12-30T09:34:10,143][INFO ][o.e.e.NodeEnvironment    ] [m45SoXP] heap size [1.9gb], compressed ordinary object pointers [true]
[2021-12-30T09:34:11,026][INFO ][o.e.n.Node               ] node name [m45SoXP] derived from node ID [m45SoXPQRoeOf2XUI9m7nQ]; set [node.name] to override
[2021-12-30T09:34:11,144][INFO ][o.e.n.Node               ] version[5.2.0], pid[21692], build[24e05b9/2017-01-24T19:52:35.800Z], OS[Windows 10/10.0/amd64], JVM[Oracle Corporation/Java HotSpot(TM) 64-Bit Server VM/1.8.0_301/25.301-b09]
[2021-12-30T09:34:19,819][INFO ][o.e.p.PluginsService     ] [m45SoXP] loaded module [aggs-matrix-stats]
[2021-12-30T09:34:19,820][INFO ][o.e.p.PluginsService     ] [m45SoXP] loaded module [ingest-common]
[2021-12-30T09:34:19,820][INFO ][o.e.p.PluginsService     ] [m45SoXP] loaded module [lang-expression]
[2021-12-30T09:34:19,820][INFO ][o.e.p.PluginsService     ] [m45SoXP] loaded module [lang-groovy]
[2021-12-30T09:34:19,820][INFO ][o.e.p.PluginsService     ] [m45SoXP] loaded module [lang-mustache]
[2021-12-30T09:34:19,821][INFO ][o.e.p.PluginsService     ] [m45SoXP] loaded module [lang-painless]
[2021-12-30T09:34:19,821][INFO ][o.e.p.PluginsService     ] [m45SoXP] loaded module [percolator]
[2021-12-30T09:34:19,821][INFO ][o.e.p.PluginsService     ] [m45SoXP] loaded module [reindex]
[2021-12-30T09:34:19,822][INFO ][o.e.p.PluginsService     ] [m45SoXP] loaded module [transport-netty3]
[2021-12-30T09:34:19,822][INFO ][o.e.p.PluginsService     ] [m45SoXP] loaded module [transport-netty4]
[2021-12-30T09:34:19,822][INFO ][o.e.p.PluginsService     ] [m45SoXP] loaded plugin [analysis-ik]
[2021-12-30T09:34:33,309][INFO ][o.e.n.Node               ] initialized
[2021-12-30T09:34:33,310][INFO ][o.e.n.Node               ] [m45SoXP] starting ...
[2021-12-30T09:34:37,542][INFO ][o.e.t.TransportService   ] [m45SoXP] publish_address {127.0.0.1:9300}, bound_addresses {127.0.0.1:9300}, {[::1]:9300}
[2021-12-30T09:34:40,675][INFO ][o.e.c.s.ClusterService   ] [m45SoXP] new_master {m45SoXP}{m45SoXPQRoeOf2XUI9m7nQ}{9fuynue3R62l9pxs0XllfA}{127.0.0.1}{127.0.0.1:9300}, reason: zen-disco-elected-as-master ([0] nodes joined)
[2021-12-30T09:34:40,848][INFO ][o.w.a.d.Monitor          ] try load config from D:\sm-bighw\-\deepsearch\elasticsearch-5.2.0\config\analysis-ik\IKAnalyzer.cfg.xml
[2021-12-30T09:34:40,852][INFO ][o.w.a.d.Monitor          ] try load config from D:\sm-bighw\-\deepsearch\elasticsearch-5.2.0\plugins\ik\config\IKAnalyzer.cfg.xml
[2021-12-30T09:34:41,668][INFO ][o.w.a.d.Monitor          ] [Dict Loading] custom\mydict.dic
[2021-12-30T09:34:41,691][INFO ][o.w.a.d.Monitor          ] [Dict Loading] custom\single_word_low_freq.dic
[2021-12-30T09:34:41,865][INFO ][o.w.a.d.Monitor          ] [Dict Loading] custom\ext_stopword.dic
[2021-12-30T09:34:42,942][INFO ][o.e.g.GatewayService     ] [m45SoXP] recovered [2] indices into cluster_state
[2021-12-30T09:34:44,464][INFO ][o.e.h.HttpServer         ] [m45SoXP] publish_address {127.0.0.1:9200}, bound_addresses {127.0.0.1:9200}, {[::1]:9200}
[2021-12-30T09:34:44,480][INFO ][o.e.n.Node               ] [m45SoXP] started
[2021-12-30T09:34:47,581][INFO ][o.e.c.r.a.AllocationService] [m45SoXP] Cluster health status changed from [RED] to [YELLOW] (reason: [shards started [[info][4]] ...]).
[2021-12-30T09:37:54,633][INFO ][o.e.b.Bootstrap          ] running graceful exit on windows
[2021-12-30T09:37:54,640][INFO ][o.e.n.Node               ] [m45SoXP] stopping ...
[2021-12-30T09:37:54,786][INFO ][o.e.n.Node               ] [m45SoXP] stopped
[2021-12-30T09:37:54,789][INFO ][o.e.n.Node               ] [m45SoXP] closing ...
[2021-12-30T09:37:54,818][INFO ][o.e.n.Node               ] [m45SoXP] closed
