[2021-12-22T01:20:53,281][INFO ][o.e.b.Bootstrap          ] running graceful exit on windows
[2021-12-22T01:20:53,291][INFO ][o.e.n.Node               ] [m45SoXP] stopping ...
[2021-12-22T01:20:53,363][INFO ][o.e.n.Node               ] [m45SoXP] stopped
[2021-12-22T01:20:53,364][INFO ][o.e.n.Node               ] [m45SoXP] closing ...
[2021-12-22T01:20:53,380][INFO ][o.e.n.Node               ] [m45SoXP] closed
[2021-12-22T01:21:10,344][INFO ][o.e.n.Node               ] [] initializing ...
[2021-12-22T01:21:10,402][INFO ][o.e.e.NodeEnvironment    ] [m45SoXP] using [1] data paths, mounts [[Data (D:)]], net usable_space [186.1gb], net total_space [343.2gb], spins? [unknown], types [NTFS]
[2021-12-22T01:21:10,403][INFO ][o.e.e.NodeEnvironment    ] [m45SoXP] heap size [1.9gb], compressed ordinary object pointers [true]
[2021-12-22T01:21:10,424][INFO ][o.e.n.Node               ] node name [m45SoXP] derived from node ID [m45SoXPQRoeOf2XUI9m7nQ]; set [node.name] to override
[2021-12-22T01:21:10,427][INFO ][o.e.n.Node               ] version[5.2.0], pid[27552], build[24e05b9/2017-01-24T19:52:35.800Z], OS[Windows 10/10.0/amd64], JVM[Oracle Corporation/OpenJDK 64-Bit Server VM/11/11+28]
[2021-12-22T01:21:10,942][INFO ][o.e.p.PluginsService     ] [m45SoXP] loaded module [aggs-matrix-stats]
[2021-12-22T01:21:10,942][INFO ][o.e.p.PluginsService     ] [m45SoXP] loaded module [ingest-common]
[2021-12-22T01:21:10,943][INFO ][o.e.p.PluginsService     ] [m45SoXP] loaded module [lang-expression]
[2021-12-22T01:21:10,943][INFO ][o.e.p.PluginsService     ] [m45SoXP] loaded module [lang-groovy]
[2021-12-22T01:21:10,943][INFO ][o.e.p.PluginsService     ] [m45SoXP] loaded module [lang-mustache]
[2021-12-22T01:21:10,943][INFO ][o.e.p.PluginsService     ] [m45SoXP] loaded module [lang-painless]
[2021-12-22T01:21:10,943][INFO ][o.e.p.PluginsService     ] [m45SoXP] loaded module [percolator]
[2021-12-22T01:21:10,944][INFO ][o.e.p.PluginsService     ] [m45SoXP] loaded module [reindex]
[2021-12-22T01:21:10,944][INFO ][o.e.p.PluginsService     ] [m45SoXP] loaded module [transport-netty3]
[2021-12-22T01:21:10,944][INFO ][o.e.p.PluginsService     ] [m45SoXP] loaded module [transport-netty4]
[2021-12-22T01:21:10,945][INFO ][o.e.p.PluginsService     ] [m45SoXP] no plugins loaded
[2021-12-22T01:21:13,060][INFO ][o.e.n.Node               ] initialized
[2021-12-22T01:21:13,060][INFO ][o.e.n.Node               ] [m45SoXP] starting ...
[2021-12-22T01:21:14,593][INFO ][o.e.t.TransportService   ] [m45SoXP] publish_address {127.0.0.1:9300}, bound_addresses {127.0.0.1:9300}, {[::1]:9300}
[2021-12-22T01:21:17,655][INFO ][o.e.c.s.ClusterService   ] [m45SoXP] new_master {m45SoXP}{m45SoXPQRoeOf2XUI9m7nQ}{tJGrxICQQJ-dh3DqrdsOvA}{127.0.0.1}{127.0.0.1:9300}, reason: zen-disco-elected-as-master ([0] nodes joined)
[2021-12-22T01:21:17,778][INFO ][o.e.g.GatewayService     ] [m45SoXP] recovered [1] indices into cluster_state
[2021-12-22T01:21:18,004][INFO ][o.e.c.r.a.AllocationService] [m45SoXP] Cluster health status changed from [RED] to [YELLOW] (reason: [shards started [[info][0]] ...]).
[2021-12-22T01:21:18,600][INFO ][o.e.h.HttpServer         ] [m45SoXP] publish_address {127.0.0.1:9200}, bound_addresses {127.0.0.1:9200}, {[::1]:9200}
[2021-12-22T01:21:18,600][INFO ][o.e.n.Node               ] [m45SoXP] started
[2021-12-22T14:07:05,727][INFO ][o.e.b.Bootstrap          ] running graceful exit on windows
[2021-12-22T14:07:05,740][INFO ][o.e.n.Node               ] [m45SoXP] stopping ...
[2021-12-22T14:07:05,907][INFO ][o.e.n.Node               ] [m45SoXP] stopped
[2021-12-22T14:07:05,907][INFO ][o.e.n.Node               ] [m45SoXP] closing ...
[2021-12-22T14:07:05,925][INFO ][o.e.n.Node               ] [m45SoXP] closed
[2021-12-22T18:42:22,160][INFO ][o.e.n.Node               ] [] initializing ...
[2021-12-22T18:42:22,297][INFO ][o.e.e.NodeEnvironment    ] [m45SoXP] using [1] data paths, mounts [[Data (D:)]], net usable_space [185.9gb], net total_space [343.2gb], spins? [unknown], types [NTFS]
[2021-12-22T18:42:22,298][INFO ][o.e.e.NodeEnvironment    ] [m45SoXP] heap size [1.9gb], compressed ordinary object pointers [true]
[2021-12-22T18:42:22,350][INFO ][o.e.n.Node               ] node name [m45SoXP] derived from node ID [m45SoXPQRoeOf2XUI9m7nQ]; set [node.name] to override
[2021-12-22T18:42:22,354][INFO ][o.e.n.Node               ] version[5.2.0], pid[12016], build[24e05b9/2017-01-24T19:52:35.800Z], OS[Windows 10/10.0/amd64], JVM[Oracle Corporation/OpenJDK 64-Bit Server VM/11/11+28]
[2021-12-22T18:42:23,562][INFO ][o.e.p.PluginsService     ] [m45SoXP] loaded module [aggs-matrix-stats]
[2021-12-22T18:42:23,563][INFO ][o.e.p.PluginsService     ] [m45SoXP] loaded module [ingest-common]
[2021-12-22T18:42:23,565][INFO ][o.e.p.PluginsService     ] [m45SoXP] loaded module [lang-expression]
[2021-12-22T18:42:23,566][INFO ][o.e.p.PluginsService     ] [m45SoXP] loaded module [lang-groovy]
[2021-12-22T18:42:23,566][INFO ][o.e.p.PluginsService     ] [m45SoXP] loaded module [lang-mustache]
[2021-12-22T18:42:23,567][INFO ][o.e.p.PluginsService     ] [m45SoXP] loaded module [lang-painless]
[2021-12-22T18:42:23,567][INFO ][o.e.p.PluginsService     ] [m45SoXP] loaded module [percolator]
[2021-12-22T18:42:23,567][INFO ][o.e.p.PluginsService     ] [m45SoXP] loaded module [reindex]
[2021-12-22T18:42:23,568][INFO ][o.e.p.PluginsService     ] [m45SoXP] loaded module [transport-netty3]
[2021-12-22T18:42:23,568][INFO ][o.e.p.PluginsService     ] [m45SoXP] loaded module [transport-netty4]
[2021-12-22T18:42:23,569][INFO ][o.e.p.PluginsService     ] [m45SoXP] no plugins loaded
[2021-12-22T18:42:28,219][INFO ][o.e.n.Node               ] initialized
[2021-12-22T18:42:28,219][INFO ][o.e.n.Node               ] [m45SoXP] starting ...
[2021-12-22T18:42:31,662][INFO ][o.e.t.TransportService   ] [m45SoXP] publish_address {127.0.0.1:9300}, bound_addresses {127.0.0.1:9300}, {[::1]:9300}
[2021-12-22T18:42:34,753][INFO ][o.e.c.s.ClusterService   ] [m45SoXP] new_master {m45SoXP}{m45SoXPQRoeOf2XUI9m7nQ}{G9HNcP3tSMi5eMmVYdj3CA}{127.0.0.1}{127.0.0.1:9300}, reason: zen-disco-elected-as-master ([0] nodes joined)
[2021-12-22T18:42:34,985][INFO ][o.e.g.GatewayService     ] [m45SoXP] recovered [1] indices into cluster_state
[2021-12-22T18:42:35,382][INFO ][o.e.c.r.a.AllocationService] [m45SoXP] Cluster health status changed from [RED] to [YELLOW] (reason: [shards started [[info][2]] ...]).
[2021-12-22T18:42:36,633][INFO ][o.e.h.HttpServer         ] [m45SoXP] publish_address {127.0.0.1:9200}, bound_addresses {127.0.0.1:9200}, {[::1]:9200}
[2021-12-22T18:42:36,634][INFO ][o.e.n.Node               ] [m45SoXP] started
[2021-12-22T20:37:18,265][INFO ][o.e.c.m.MetaDataCreateIndexService] [m45SoXP] [data] creating index, cause [api], templates [], shards [5]/[1], mappings []
[2021-12-22T20:41:42,727][INFO ][o.e.c.m.MetaDataMappingService] [m45SoXP] [data/0RY6Ig5dQ56JsHNRyFJtxA] create_mapping [doc]
[2021-12-22T21:48:23,864][INFO ][o.e.b.Bootstrap          ] running graceful exit on windows
[2021-12-22T21:48:23,866][INFO ][o.e.n.Node               ] [m45SoXP] stopping ...
[2021-12-22T21:48:23,912][INFO ][o.e.n.Node               ] [m45SoXP] stopped
[2021-12-22T21:48:23,912][INFO ][o.e.n.Node               ] [m45SoXP] closing ...
[2021-12-22T21:48:23,921][INFO ][o.e.n.Node               ] [m45SoXP] closed
