[2021-12-21T21:39:30,286][INFO ][o.e.n.Node               ] [] initializing ...
[2021-12-21T21:39:30,373][INFO ][o.e.e.NodeEnvironment    ] [m45SoXP] using [1] data paths, mounts [[Data (D:)]], net usable_space [186.4gb], net total_space [343.2gb], spins? [unknown], types [NTFS]
[2021-12-21T21:39:30,374][INFO ][o.e.e.NodeEnvironment    ] [m45SoXP] heap size [1.9gb], compressed ordinary object pointers [true]
[2021-12-21T21:39:30,376][INFO ][o.e.n.Node               ] node name [m45SoXP] derived from node ID [m45SoXPQRoeOf2XUI9m7nQ]; set [node.name] to override
[2021-12-21T21:39:30,378][INFO ][o.e.n.Node               ] version[5.2.0], pid[24668], build[24e05b9/2017-01-24T19:52:35.800Z], OS[Windows 10/10.0/amd64], JVM[Oracle Corporation/OpenJDK 64-Bit Server VM/11/11+28]
[2021-12-21T21:39:31,838][INFO ][o.e.p.PluginsService     ] [m45SoXP] loaded module [aggs-matrix-stats]
[2021-12-21T21:39:31,838][INFO ][o.e.p.PluginsService     ] [m45SoXP] loaded module [ingest-common]
[2021-12-21T21:39:31,839][INFO ][o.e.p.PluginsService     ] [m45SoXP] loaded module [lang-expression]
[2021-12-21T21:39:31,839][INFO ][o.e.p.PluginsService     ] [m45SoXP] loaded module [lang-groovy]
[2021-12-21T21:39:31,839][INFO ][o.e.p.PluginsService     ] [m45SoXP] loaded module [lang-mustache]
[2021-12-21T21:39:31,839][INFO ][o.e.p.PluginsService     ] [m45SoXP] loaded module [lang-painless]
[2021-12-21T21:39:31,840][INFO ][o.e.p.PluginsService     ] [m45SoXP] loaded module [percolator]
[2021-12-21T21:39:31,840][INFO ][o.e.p.PluginsService     ] [m45SoXP] loaded module [reindex]
[2021-12-21T21:39:31,840][INFO ][o.e.p.PluginsService     ] [m45SoXP] loaded module [transport-netty3]
[2021-12-21T21:39:31,840][INFO ][o.e.p.PluginsService     ] [m45SoXP] loaded module [transport-netty4]
[2021-12-21T21:39:31,840][INFO ][o.e.p.PluginsService     ] [m45SoXP] no plugins loaded
[2021-12-21T21:39:34,294][INFO ][o.e.n.Node               ] initialized
[2021-12-21T21:39:34,294][INFO ][o.e.n.Node               ] [m45SoXP] starting ...
[2021-12-21T21:39:35,827][INFO ][o.e.t.TransportService   ] [m45SoXP] publish_address {127.0.0.1:9300}, bound_addresses {127.0.0.1:9300}, {[::1]:9300}
[2021-12-21T21:39:38,892][INFO ][o.e.c.s.ClusterService   ] [m45SoXP] new_master {m45SoXP}{m45SoXPQRoeOf2XUI9m7nQ}{RxEiS_XrRpO7G9byu3AtSA}{127.0.0.1}{127.0.0.1:9300}, reason: zen-disco-elected-as-master ([0] nodes joined)
[2021-12-21T21:39:38,924][INFO ][o.e.g.GatewayService     ] [m45SoXP] recovered [0] indices into cluster_state
[2021-12-21T21:39:39,772][INFO ][o.e.h.HttpServer         ] [m45SoXP] publish_address {127.0.0.1:9200}, bound_addresses {127.0.0.1:9200}, {[::1]:9200}
[2021-12-21T21:39:39,773][INFO ][o.e.n.Node               ] [m45SoXP] started
[2021-12-21T21:40:41,172][INFO ][o.e.c.m.MetaDataCreateIndexService] [m45SoXP] [info] creating index, cause [api], templates [], shards [5]/[1], mappings []
[2021-12-21T21:48:44,249][DEBUG][o.e.a.a.i.m.p.TransportPutMappingAction] [m45SoXP] failed to put mappings on indices [[[info/jz5TXIMWTFCGRF_p2RKEwg]]], type [_doc]
org.elasticsearch.indices.InvalidTypeNameException: Document mapping type name can't start with '_', found: [_doc]
	at org.elasticsearch.cluster.metadata.MetaDataMappingService$PutMappingExecutor.applyRequest(MetaDataMappingService.java:297) ~[elasticsearch-5.2.0.jar:5.2.0]
	at org.elasticsearch.cluster.metadata.MetaDataMappingService$PutMappingExecutor.execute(MetaDataMappingService.java:230) ~[elasticsearch-5.2.0.jar:5.2.0]
	at org.elasticsearch.cluster.service.ClusterService.executeTasks(ClusterService.java:674) ~[elasticsearch-5.2.0.jar:5.2.0]
	at org.elasticsearch.cluster.service.ClusterService.calculateTaskOutputs(ClusterService.java:653) ~[elasticsearch-5.2.0.jar:5.2.0]
	at org.elasticsearch.cluster.service.ClusterService.runTasks(ClusterService.java:612) [elasticsearch-5.2.0.jar:5.2.0]
	at org.elasticsearch.cluster.service.ClusterService$UpdateTask.run(ClusterService.java:1112) [elasticsearch-5.2.0.jar:5.2.0]
	at org.elasticsearch.common.util.concurrent.ThreadContext$ContextPreservingRunnable.run(ThreadContext.java:527) [elasticsearch-5.2.0.jar:5.2.0]
	at org.elasticsearch.common.util.concurrent.PrioritizedEsThreadPoolExecutor$TieBreakingPrioritizedRunnable.runAndClean(PrioritizedEsThreadPoolExecutor.java:238) [elasticsearch-5.2.0.jar:5.2.0]
	at org.elasticsearch.common.util.concurrent.PrioritizedEsThreadPoolExecutor$TieBreakingPrioritizedRunnable.run(PrioritizedEsThreadPoolExecutor.java:201) [elasticsearch-5.2.0.jar:5.2.0]
	at java.util.concurrent.ThreadPoolExecutor.runWorker(ThreadPoolExecutor.java:1128) [?:?]
	at java.util.concurrent.ThreadPoolExecutor$Worker.run(ThreadPoolExecutor.java:628) [?:?]
	at java.lang.Thread.run(Thread.java:834) [?:?]
[2021-12-21T21:49:35,583][INFO ][o.e.c.m.MetaDataMappingService] [m45SoXP] [info/jz5TXIMWTFCGRF_p2RKEwg] create_mapping [doc]
